<?xml version="1.0" encoding="UTF-8"?>
<testsuite xmlns:xsi="http://www.w3.org/2001/XMLSchema-instance" xsi:noNamespaceSchemaLocation="https://maven.apache.org/surefire/maven-surefire-plugin/xsd/surefire-test-report.xsd" name="ConduitApp.ConduitTest" time="5.993" tests="2" errors="0" skipped="0" failures="2">
  <properties>
[...]
</properties>
  <testcase name="testAll[1][1]" classname="ConduitApp.ConduitTest" time="1.57">
    <failure message="&gt;&gt; classpath:ConduitApp/feature/Articles.feature:7&#10;&gt;&gt; karate-config.js failed&#10;&gt;&gt; js failed:&#10;&gt;&gt;&gt;&gt;&#10;01: function fn() {&#10;02:   var env = karate.env; // get system property &apos;karate.env&apos;&#10;03:   karate.log(&apos;karate.env system property was:&apos;, env);&#10;04:   if (!env) {&#10;05:     env = &apos;dev&apos;;&#10;06:   }&#10;07:   var config = {&#10;08:     apiUrl: &apos;http://localhost:3000/api/&apos;&#10;09:   }&#10;10:   if (env == &apos;dev&apos;) {&#10;11:     config.userEmail = &apos;test@test.coma&apos;&#10;12:     config.userPassword = &apos;test&apos; &#10;13:   }&#10;14:   if (env == &apos;e2e&apos;) {&#10;15:     // customize&#10;16:   }&#10;17: &#10;18:   var accessToken = karate.callSingle(&apos;classpath:helpers/CreateToken.feature&apos;, config).authToken&#10;19:   karate.configure(&apos;headers&apos;, { Authorization: &apos;Token &apos; + accessToken })&#10;20: &#10;21:   return config;&#10;22: }&#10;&lt;&lt;&lt;&lt;&#10;org.graalvm.polyglot.PolyglotException: status code was: 422, expected: 200, response time in milliseconds: 34, url: http://localhost:3000/api/users/login, response: &#10;{&quot;errors&quot;:{&quot;email or password&quot;:&quot;is invalid&quot;}}&#10;classpath:helpers/CreateToken.feature:8&#10;- com.intuit.karate.core.ScenarioBridge.callSingle(ScenarioBridge.java:234)&#10;- &lt;js&gt;.fn(Unnamed:18)&#10;&#10;js failed:&#10;&gt;&gt;&gt;&gt;&#10;01: function fn() {&#10;02:   var env = karate.env; // get system property &apos;karate.env&apos;&#10;03:   karate.log(&apos;karate.env system property was:&apos;, env);&#10;04:   if (!env) {&#10;05:     env = &apos;dev&apos;;&#10;06:   }&#10;07:   var config = {&#10;08:     apiUrl: &apos;http://localhost:3000/api/&apos;&#10;09:   }&#10;10:   if (env == &apos;dev&apos;) {&#10;11:     config.userEmail = &apos;test@test.coma&apos;&#10;12:     config.userPassword = &apos;test&apos; &#10;13:   }&#10;14:   if (env == &apos;e2e&apos;) {&#10;15:     // customize&#10;16:   }&#10;17: &#10;18:   var accessToken = karate.callSingle(&apos;classpath:helpers/CreateToken.feature&apos;, config).authToken&#10;19:   karate.configure(&apos;headers&apos;, { Authorization: &apos;Token &apos; + accessToken })&#10;20: &#10;21:   return config;&#10;22: }&#10;&lt;&lt;&lt;&lt;&#10;com.intuit.karate.KarateException: js failed:&#10;&gt;&gt;&gt;&gt;&#10;01: function fn() {&#10;02:   var env = karate.env; // get system property &apos;karate.env&apos;&#10;03:   karate.log(&apos;karate.env system property was:&apos;, env);&#10;04:   if (!env) {&#10;05:     env = &apos;dev&apos;;&#10;06:   }&#10;07:   var config = {&#10;08:     apiUrl: &apos;http://localhost:3000/api/&apos;&#10;09:   }&#10;10:   if (env == &apos;dev&apos;) {&#10;11:     config.userEmail = &apos;test@test.coma&apos;&#10;12:     config.userPassword = &apos;test&apos; &#10;13:   }&#10;14:   if (env == &apos;e2e&apos;) {&#10;15:     // customize&#10;16:   }&#10;17: &#10;18:   var accessToken = karate.callSingle(&apos;classpath:helpers/CreateToken.feature&apos;, config).authToken&#10;19:   karate.configure(&apos;headers&apos;, { Authorization: &apos;Token &apos; + accessToken })&#10;20: &#10;21:   return config;&#10;22: }&#10;&lt;&lt;&lt;&lt;&#10;org.graalvm.polyglot.PolyglotException: status code was: 422, expected: 200, response time in milliseconds: 34, url: http://localhost:3000/api/users/login, response: &#10;{&quot;errors&quot;:{&quot;email or password&quot;:&quot;is invalid&quot;}}&#10;classpath:helpers/CreateToken.feature:8&#10;- com.intuit.karate.core.ScenarioBridge.callSingle(ScenarioBridge.java:234)&#10;- &lt;js&gt;.fn(Unnamed:18)&#10;&#10;- com.intuit.karate.graal.JsEngine.fromJsEvalException(JsEngine.java:230)&#10;- com.intuit.karate.core.ScenarioEngine.executeJsValue(ScenarioEngine.java:1244)&#10;- com.intuit.karate.core.ScenarioEngine.executeFunction(ScenarioEngine.java:1227)&#10;- com.intuit.karate.core.ScenarioEngine.getOrEvalAsMap(ScenarioEngine.java:1216)&#10;- com.intuit.karate.core.ScenarioRuntime.evalConfigJs(ScenarioRuntime.java:291)&#10;- com.intuit.karate.core.ScenarioRuntime.beforeRun(ScenarioRuntime.java:369)&#10;- com.intuit.karate.core.ScenarioRuntime.run(ScenarioRuntime.java:395)&#10;&#10;classpath:ConduitApp/feature/Articles.feature:5&#10;classpath:ConduitApp/feature/Articles.feature:8&#10;classpath:ConduitApp/feature/Articles.feature:9&#10;classpath:ConduitApp/feature/Articles.feature:10&#10;classpath:ConduitApp/feature/Articles.feature:11&#10;classpath:ConduitApp/feature/Articles.feature:12" type="org.opentest4j.AssertionFailedError"><![CDATA[org.opentest4j.AssertionFailedError: 
>> classpath:ConduitApp/feature/Articles.feature:7
>> karate-config.js failed
>> js failed:
>>>>
01: function fn() {
02:   var env = karate.env; // get system property 'karate.env'
03:   karate.log('karate.env system property was:', env);
04:   if (!env) {
05:     env = 'dev';
06:   }
07:   var config = {
08:     apiUrl: 'http://localhost:3000/api/'
09:   }
10:   if (env == 'dev') {
11:     config.userEmail = 'test@test.coma'
12:     config.userPassword = 'test' 
13:   }
14:   if (env == 'e2e') {
15:     // customize
16:   }
17: 
18:   var accessToken = karate.callSingle('classpath:helpers/CreateToken.feature', config).authToken
19:   karate.configure('headers', { Authorization: 'Token ' + accessToken })
20: 
21:   return config;
22: }
<<<<
org.graalvm.polyglot.PolyglotException: status code was: 422, expected: 200, response time in milliseconds: 34, url: http://localhost:3000/api/users/login, response: 
{"errors":{"email or password":"is invalid"}}
classpath:helpers/CreateToken.feature:8
- com.intuit.karate.core.ScenarioBridge.callSingle(ScenarioBridge.java:234)
- <js>.fn(Unnamed:18)

js failed:
>>>>
01: function fn() {
02:   var env = karate.env; // get system property 'karate.env'
03:   karate.log('karate.env system property was:', env);
04:   if (!env) {
05:     env = 'dev';
06:   }
07:   var config = {
08:     apiUrl: 'http://localhost:3000/api/'
09:   }
10:   if (env == 'dev') {
11:     config.userEmail = 'test@test.coma'
12:     config.userPassword = 'test' 
13:   }
14:   if (env == 'e2e') {
15:     // customize
16:   }
17: 
18:   var accessToken = karate.callSingle('classpath:helpers/CreateToken.feature', config).authToken
19:   karate.configure('headers', { Authorization: 'Token ' + accessToken })
20: 
21:   return config;
22: }
<<<<
com.intuit.karate.KarateException: js failed:
>>>>
01: function fn() {
02:   var env = karate.env; // get system property 'karate.env'
03:   karate.log('karate.env system property was:', env);
04:   if (!env) {
05:     env = 'dev';
06:   }
07:   var config = {
08:     apiUrl: 'http://localhost:3000/api/'
09:   }
10:   if (env == 'dev') {
11:     config.userEmail = 'test@test.coma'
12:     config.userPassword = 'test' 
13:   }
14:   if (env == 'e2e') {
15:     // customize
16:   }
17: 
18:   var accessToken = karate.callSingle('classpath:helpers/CreateToken.feature', config).authToken
19:   karate.configure('headers', { Authorization: 'Token ' + accessToken })
20: 
21:   return config;
22: }
<<<<
org.graalvm.polyglot.PolyglotException: status code was: 422, expected: 200, response time in milliseconds: 34, url: http://localhost:3000/api/users/login, response: 
{"errors":{"email or password":"is invalid"}}
classpath:helpers/CreateToken.feature:8
- com.intuit.karate.core.ScenarioBridge.callSingle(ScenarioBridge.java:234)
- <js>.fn(Unnamed:18)

- com.intuit.karate.graal.JsEngine.fromJsEvalException(JsEngine.java:230)
- com.intuit.karate.core.ScenarioEngine.executeJsValue(ScenarioEngine.java:1244)
- com.intuit.karate.core.ScenarioEngine.executeFunction(ScenarioEngine.java:1227)
- com.intuit.karate.core.ScenarioEngine.getOrEvalAsMap(ScenarioEngine.java:1216)
- com.intuit.karate.core.ScenarioRuntime.evalConfigJs(ScenarioRuntime.java:291)
- com.intuit.karate.core.ScenarioRuntime.beforeRun(ScenarioRuntime.java:369)
- com.intuit.karate.core.ScenarioRuntime.run(ScenarioRuntime.java:395)

classpath:ConduitApp/feature/Articles.feature:5
classpath:ConduitApp/feature/Articles.feature:8
classpath:ConduitApp/feature/Articles.feature:9
classpath:ConduitApp/feature/Articles.feature:10
classpath:ConduitApp/feature/Articles.feature:11
classpath:ConduitApp/feature/Articles.feature:12
]]></failure>
    <system-out><![CDATA[20:54:41.453 [main] INFO  com.intuit.karate.Runner - using system property 'karate.options': --tags @debug
20:54:41.843 [main] DEBUG com.intuit.karate.Suite - [config] classpath:karate-config.js
20:54:42.798 [main] INFO  com.intuit.karate - karate.env system property was: null 
20:54:42.809 [main] INFO  com.intuit.karate - >> lock acquired, begin callSingle: classpath:helpers/CreateToken.feature
20:54:43.181 [main] DEBUG com.intuit.karate - request:
1 > POST http://localhost:3000/api/users/login
1 > Content-Type: application/json; charset=UTF-8
1 > Content-Length: 53
1 > Host: localhost:3000
1 > Connection: Keep-Alive
1 > User-Agent: Apache-HttpClient/4.5.13 (Java/16.0.1)
1 > Accept-Encoding: gzip,deflate
{"user":{"email":"test@test.coma","password":"test"}}

20:54:43.217 [main] DEBUG com.intuit.karate - response time in milliseconds: 34
1 < 422
1 < X-Powered-By: Express
1 < Access-Control-Allow-Origin: *
1 < Vary: X-HTTP-Method-Override
1 < Content-Type: application/json; charset=utf-8
1 < Content-Length: 45
1 < ETag: W/"2d-SfWCRD7c3nhAhBtpH+Himg"
1 < Date: Thu, 04 Nov 2021 17:54:43 GMT
1 < Connection: keep-alive
1 < Keep-Alive: timeout=5
{"errors":{"email or password":"is invalid"}}
20:54:43.221 [main] ERROR com.intuit.karate - classpath:helpers/CreateToken.feature:8
Then status 200
status code was: 422, expected: 200, response time in milliseconds: 34, url: http://localhost:3000/api/users/login, response: 
{"errors":{"email or password":"is invalid"}}
classpath:helpers/CreateToken.feature:8
20:54:43.223 [main] WARN  com.intuit.karate - callSingle() will cache an exception
20:54:43.223 [main] INFO  com.intuit.karate - << lock released, cached callSingle: classpath:helpers/CreateToken.feature
20:54:43.223 [main] WARN  com.intuit.karate - callSingle() cached result is an exception
20:54:43.245 [main] ERROR com.intuit.karate - classpath:ConduitApp/feature/Articles.feature:5
Given url apiUrl
>> classpath:ConduitApp/feature/Articles.feature:7
>> karate-config.js failed
>> js failed:
>>>>
01: function fn() {
02:   var env = karate.env; // get system property 'karate.env'
03:   karate.log('karate.env system property was:', env);
04:   if (!env) {
05:     env = 'dev';
06:   }
07:   var config = {
08:     apiUrl: 'http://localhost:3000/api/'
09:   }
10:   if (env == 'dev') {
11:     config.userEmail = 'test@test.coma'
12:     config.userPassword = 'test' 
13:   }
14:   if (env == 'e2e') {
15:     // customize
16:   }
17: 
18:   var accessToken = karate.callSingle('classpath:helpers/CreateToken.feature', config).authToken
19:   karate.configure('headers', { Authorization: 'Token ' + accessToken })
20: 
21:   return config;
22: }
<<<<
org.graalvm.polyglot.PolyglotException: status code was: 422, expected: 200, response time in milliseconds: 34, url: http://localhost:3000/api/users/login, response: 
{"errors":{"email or password":"is invalid"}}
classpath:helpers/CreateToken.feature:8
- com.intuit.karate.core.ScenarioBridge.callSingle(ScenarioBridge.java:234)
- <js>.fn(Unnamed:18)

js failed:
>>>>
01: function fn() {
02:   var env = karate.env; // get system property 'karate.env'
03:   karate.log('karate.env system property was:', env);
04:   if (!env) {
05:     env = 'dev';
06:   }
07:   var config = {
08:     apiUrl: 'http://localhost:3000/api/'
09:   }
10:   if (env == 'dev') {
11:     config.userEmail = 'test@test.coma'
12:     config.userPassword = 'test' 
13:   }
14:   if (env == 'e2e') {
15:     // customize
16:   }
17: 
18:   var accessToken = karate.callSingle('classpath:helpers/CreateToken.feature', config).authToken
19:   karate.configure('headers', { Authorization: 'Token ' + accessToken })
20: 
21:   return config;
22: }
<<<<
com.intuit.karate.KarateException: js failed:
>>>>
01: function fn() {
02:   var env = karate.env; // get system property 'karate.env'
03:   karate.log('karate.env system property was:', env);
04:   if (!env) {
05:     env = 'dev';
06:   }
07:   var config = {
08:     apiUrl: 'http://localhost:3000/api/'
09:   }
10:   if (env == 'dev') {
11:     config.userEmail = 'test@test.coma'
12:     config.userPassword = 'test' 
13:   }
14:   if (env == 'e2e') {
15:     // customize
16:   }
17: 
18:   var accessToken = karate.callSingle('classpath:helpers/CreateToken.feature', config).authToken
19:   karate.configure('headers', { Authorization: 'Token ' + accessToken })
20: 
21:   return config;
22: }
<<<<
org.graalvm.polyglot.PolyglotException: status code was: 422, expected: 200, response time in milliseconds: 34, url: http://localhost:3000/api/users/login, response: 
{"errors":{"email or password":"is invalid"}}
classpath:helpers/CreateToken.feature:8
- com.intuit.karate.core.ScenarioBridge.callSingle(ScenarioBridge.java:234)
- <js>.fn(Unnamed:18)

- com.intuit.karate.graal.JsEngine.fromJsEvalException(JsEngine.java:230)
- com.intuit.karate.core.ScenarioEngine.executeJsValue(ScenarioEngine.java:1244)
- com.intuit.karate.core.ScenarioEngine.executeFunction(ScenarioEngine.java:1227)
- com.intuit.karate.core.ScenarioEngine.getOrEvalAsMap(ScenarioEngine.java:1216)
- com.intuit.karate.core.ScenarioRuntime.evalConfigJs(ScenarioRuntime.java:291)
- com.intuit.karate.core.ScenarioRuntime.beforeRun(ScenarioRuntime.java:369)
- com.intuit.karate.core.ScenarioRuntime.run(ScenarioRuntime.java:395)

classpath:ConduitApp/feature/Articles.feature:5
20:54:43.245 [main] ERROR com.intuit.karate - classpath:ConduitApp/feature/Articles.feature:8
Given path 'articles'
>> classpath:ConduitApp/feature/Articles.feature:7
>> karate-config.js failed
>> js failed:
>>>>
01: function fn() {
02:   var env = karate.env; // get system property 'karate.env'
03:   karate.log('karate.env system property was:', env);
04:   if (!env) {
05:     env = 'dev';
06:   }
07:   var config = {
08:     apiUrl: 'http://localhost:3000/api/'
09:   }
10:   if (env == 'dev') {
11:     config.userEmail = 'test@test.coma'
12:     config.userPassword = 'test' 
13:   }
14:   if (env == 'e2e') {
15:     // customize
16:   }
17: 
18:   var accessToken = karate.callSingle('classpath:helpers/CreateToken.feature', config).authToken
19:   karate.configure('headers', { Authorization: 'Token ' + accessToken })
20: 
21:   return config;
22: }
<<<<
org.graalvm.polyglot.PolyglotException: status code was: 422, expected: 200, response time in milliseconds: 34, url: http://localhost:3000/api/users/login, response: 
{"errors":{"email or password":"is invalid"}}
classpath:helpers/CreateToken.feature:8
- com.intuit.karate.core.ScenarioBridge.callSingle(ScenarioBridge.java:234)
- <js>.fn(Unnamed:18)

js failed:
>>>>
01: function fn() {
02:   var env = karate.env; // get system property 'karate.env'
03:   karate.log('karate.env system property was:', env);
04:   if (!env) {
05:     env = 'dev';
06:   }
07:   var config = {
08:     apiUrl: 'http://localhost:3000/api/'
09:   }
10:   if (env == 'dev') {
11:     config.userEmail = 'test@test.coma'
12:     config.userPassword = 'test' 
13:   }
14:   if (env == 'e2e') {
15:     // customize
16:   }
17: 
18:   var accessToken = karate.callSingle('classpath:helpers/CreateToken.feature', config).authToken
19:   karate.configure('headers', { Authorization: 'Token ' + accessToken })
20: 
21:   return config;
22: }
<<<<
com.intuit.karate.KarateException: js failed:
>>>>
01: function fn() {
02:   var env = karate.env; // get system property 'karate.env'
03:   karate.log('karate.env system property was:', env);
04:   if (!env) {
05:     env = 'dev';
06:   }
07:   var config = {
08:     apiUrl: 'http://localhost:3000/api/'
09:   }
10:   if (env == 'dev') {
11:     config.userEmail = 'test@test.coma'
12:     config.userPassword = 'test' 
13:   }
14:   if (env == 'e2e') {
15:     // customize
16:   }
17: 
18:   var accessToken = karate.callSingle('classpath:helpers/CreateToken.feature', config).authToken
19:   karate.configure('headers', { Authorization: 'Token ' + accessToken })
20: 
21:   return config;
22: }
<<<<
org.graalvm.polyglot.PolyglotException: status code was: 422, expected: 200, response time in milliseconds: 34, url: http://localhost:3000/api/users/login, response: 
{"errors":{"email or password":"is invalid"}}
classpath:helpers/CreateToken.feature:8
- com.intuit.karate.core.ScenarioBridge.callSingle(ScenarioBridge.java:234)
- <js>.fn(Unnamed:18)

- com.intuit.karate.graal.JsEngine.fromJsEvalException(JsEngine.java:230)
- com.intuit.karate.core.ScenarioEngine.executeJsValue(ScenarioEngine.java:1244)
- com.intuit.karate.core.ScenarioEngine.executeFunction(ScenarioEngine.java:1227)
- com.intuit.karate.core.ScenarioEngine.getOrEvalAsMap(ScenarioEngine.java:1216)
- com.intuit.karate.core.ScenarioRuntime.evalConfigJs(ScenarioRuntime.java:291)
- com.intuit.karate.core.ScenarioRuntime.beforeRun(ScenarioRuntime.java:369)
- com.intuit.karate.core.ScenarioRuntime.run(ScenarioRuntime.java:395)

classpath:ConduitApp/feature/Articles.feature:5
classpath:ConduitApp/feature/Articles.feature:8
20:54:43.246 [main] ERROR com.intuit.karate - classpath:ConduitApp/feature/Articles.feature:9
And request {article: {title: "Article12", description: "Article12", body: "Article12", tagList: ["Article12"]}}
>> classpath:ConduitApp/feature/Articles.feature:7
>> karate-config.js failed
>> js failed:
>>>>
01: function fn() {
02:   var env = karate.env; // get system property 'karate.env'
03:   karate.log('karate.env system property was:', env);
04:   if (!env) {
05:     env = 'dev';
06:   }
07:   var config = {
08:     apiUrl: 'http://localhost:3000/api/'
09:   }
10:   if (env == 'dev') {
11:     config.userEmail = 'test@test.coma'
12:     config.userPassword = 'test' 
13:   }
14:   if (env == 'e2e') {
15:     // customize
16:   }
17: 
18:   var accessToken = karate.callSingle('classpath:helpers/CreateToken.feature', config).authToken
19:   karate.configure('headers', { Authorization: 'Token ' + accessToken })
20: 
21:   return config;
22: }
<<<<
org.graalvm.polyglot.PolyglotException: status code was: 422, expected: 200, response time in milliseconds: 34, url: http://localhost:3000/api/users/login, response: 
{"errors":{"email or password":"is invalid"}}
classpath:helpers/CreateToken.feature:8
- com.intuit.karate.core.ScenarioBridge.callSingle(ScenarioBridge.java:234)
- <js>.fn(Unnamed:18)

js failed:
>>>>
01: function fn() {
02:   var env = karate.env; // get system property 'karate.env'
03:   karate.log('karate.env system property was:', env);
04:   if (!env) {
05:     env = 'dev';
06:   }
07:   var config = {
08:     apiUrl: 'http://localhost:3000/api/'
09:   }
10:   if (env == 'dev') {
11:     config.userEmail = 'test@test.coma'
12:     config.userPassword = 'test' 
13:   }
14:   if (env == 'e2e') {
15:     // customize
16:   }
17: 
18:   var accessToken = karate.callSingle('classpath:helpers/CreateToken.feature', config).authToken
19:   karate.configure('headers', { Authorization: 'Token ' + accessToken })
20: 
21:   return config;
22: }
<<<<
com.intuit.karate.KarateException: js failed:
>>>>
01: function fn() {
02:   var env = karate.env; // get system property 'karate.env'
03:   karate.log('karate.env system property was:', env);
04:   if (!env) {
05:     env = 'dev';
06:   }
07:   var config = {
08:     apiUrl: 'http://localhost:3000/api/'
09:   }
10:   if (env == 'dev') {
11:     config.userEmail = 'test@test.coma'
12:     config.userPassword = 'test' 
13:   }
14:   if (env == 'e2e') {
15:     // customize
16:   }
17: 
18:   var accessToken = karate.callSingle('classpath:helpers/CreateToken.feature', config).authToken
19:   karate.configure('headers', { Authorization: 'Token ' + accessToken })
20: 
21:   return config;
22: }
<<<<
org.graalvm.polyglot.PolyglotException: status code was: 422, expected: 200, response time in milliseconds: 34, url: http://localhost:3000/api/users/login, response: 
{"errors":{"email or password":"is invalid"}}
classpath:helpers/CreateToken.feature:8
- com.intuit.karate.core.ScenarioBridge.callSingle(ScenarioBridge.java:234)
- <js>.fn(Unnamed:18)

- com.intuit.karate.graal.JsEngine.fromJsEvalException(JsEngine.java:230)
- com.intuit.karate.core.ScenarioEngine.executeJsValue(ScenarioEngine.java:1244)
- com.intuit.karate.core.ScenarioEngine.executeFunction(ScenarioEngine.java:1227)
- com.intuit.karate.core.ScenarioEngine.getOrEvalAsMap(ScenarioEngine.java:1216)
- com.intuit.karate.core.ScenarioRuntime.evalConfigJs(ScenarioRuntime.java:291)
- com.intuit.karate.core.ScenarioRuntime.beforeRun(ScenarioRuntime.java:369)
- com.intuit.karate.core.ScenarioRuntime.run(ScenarioRuntime.java:395)

classpath:ConduitApp/feature/Articles.feature:5
classpath:ConduitApp/feature/Articles.feature:8
classpath:ConduitApp/feature/Articles.feature:9
20:54:43.246 [main] ERROR com.intuit.karate - classpath:ConduitApp/feature/Articles.feature:10
When method Post
>> classpath:ConduitApp/feature/Articles.feature:7
>> karate-config.js failed
>> js failed:
>>>>
01: function fn() {
02:   var env = karate.env; // get system property 'karate.env'
03:   karate.log('karate.env system property was:', env);
04:   if (!env) {
05:     env = 'dev';
06:   }
07:   var config = {
08:     apiUrl: 'http://localhost:3000/api/'
09:   }
10:   if (env == 'dev') {
11:     config.userEmail = 'test@test.coma'
12:     config.userPassword = 'test' 
13:   }
14:   if (env == 'e2e') {
15:     // customize
16:   }
17: 
18:   var accessToken = karate.callSingle('classpath:helpers/CreateToken.feature', config).authToken
19:   karate.configure('headers', { Authorization: 'Token ' + accessToken })
20: 
21:   return config;
22: }
<<<<
org.graalvm.polyglot.PolyglotException: status code was: 422, expected: 200, response time in milliseconds: 34, url: http://localhost:3000/api/users/login, response: 
{"errors":{"email or password":"is invalid"}}
classpath:helpers/CreateToken.feature:8
- com.intuit.karate.core.ScenarioBridge.callSingle(ScenarioBridge.java:234)
- <js>.fn(Unnamed:18)

js failed:
>>>>
01: function fn() {
02:   var env = karate.env; // get system property 'karate.env'
03:   karate.log('karate.env system property was:', env);
04:   if (!env) {
05:     env = 'dev';
06:   }
07:   var config = {
08:     apiUrl: 'http://localhost:3000/api/'
09:   }
10:   if (env == 'dev') {
11:     config.userEmail = 'test@test.coma'
12:     config.userPassword = 'test' 
13:   }
14:   if (env == 'e2e') {
15:     // customize
16:   }
17: 
18:   var accessToken = karate.callSingle('classpath:helpers/CreateToken.feature', config).authToken
19:   karate.configure('headers', { Authorization: 'Token ' + accessToken })
20: 
21:   return config;
22: }
<<<<
com.intuit.karate.KarateException: js failed:
>>>>
01: function fn() {
02:   var env = karate.env; // get system property 'karate.env'
03:   karate.log('karate.env system property was:', env);
04:   if (!env) {
05:     env = 'dev';
06:   }
07:   var config = {
08:     apiUrl: 'http://localhost:3000/api/'
09:   }
10:   if (env == 'dev') {
11:     config.userEmail = 'test@test.coma'
12:     config.userPassword = 'test' 
13:   }
14:   if (env == 'e2e') {
15:     // customize
16:   }
17: 
18:   var accessToken = karate.callSingle('classpath:helpers/CreateToken.feature', config).authToken
19:   karate.configure('headers', { Authorization: 'Token ' + accessToken })
20: 
21:   return config;
22: }
<<<<
org.graalvm.polyglot.PolyglotException: status code was: 422, expected: 200, response time in milliseconds: 34, url: http://localhost:3000/api/users/login, response: 
{"errors":{"email or password":"is invalid"}}
classpath:helpers/CreateToken.feature:8
- com.intuit.karate.core.ScenarioBridge.callSingle(ScenarioBridge.java:234)
- <js>.fn(Unnamed:18)

- com.intuit.karate.graal.JsEngine.fromJsEvalException(JsEngine.java:230)
- com.intuit.karate.core.ScenarioEngine.executeJsValue(ScenarioEngine.java:1244)
- com.intuit.karate.core.ScenarioEngine.executeFunction(ScenarioEngine.java:1227)
- com.intuit.karate.core.ScenarioEngine.getOrEvalAsMap(ScenarioEngine.java:1216)
- com.intuit.karate.core.ScenarioRuntime.evalConfigJs(ScenarioRuntime.java:291)
- com.intuit.karate.core.ScenarioRuntime.beforeRun(ScenarioRuntime.java:369)
- com.intuit.karate.core.ScenarioRuntime.run(ScenarioRuntime.java:395)

classpath:ConduitApp/feature/Articles.feature:5
classpath:ConduitApp/feature/Articles.feature:8
classpath:ConduitApp/feature/Articles.feature:9
classpath:ConduitApp/feature/Articles.feature:10
20:54:43.246 [main] ERROR com.intuit.karate - classpath:ConduitApp/feature/Articles.feature:11
Then status 200
>> classpath:ConduitApp/feature/Articles.feature:7
>> karate-config.js failed
>> js failed:
>>>>
01: function fn() {
02:   var env = karate.env; // get system property 'karate.env'
03:   karate.log('karate.env system property was:', env);
04:   if (!env) {
05:     env = 'dev';
06:   }
07:   var config = {
08:     apiUrl: 'http://localhost:3000/api/'
09:   }
10:   if (env == 'dev') {
11:     config.userEmail = 'test@test.coma'
12:     config.userPassword = 'test' 
13:   }
14:   if (env == 'e2e') {
15:     // customize
16:   }
17: 
18:   var accessToken = karate.callSingle('classpath:helpers/CreateToken.feature', config).authToken
19:   karate.configure('headers', { Authorization: 'Token ' + accessToken })
20: 
21:   return config;
22: }
<<<<
org.graalvm.polyglot.PolyglotException: status code was: 422, expected: 200, response time in milliseconds: 34, url: http://localhost:3000/api/users/login, response: 
{"errors":{"email or password":"is invalid"}}
classpath:helpers/CreateToken.feature:8
- com.intuit.karate.core.ScenarioBridge.callSingle(ScenarioBridge.java:234)
- <js>.fn(Unnamed:18)

js failed:
>>>>
01: function fn() {
02:   var env = karate.env; // get system property 'karate.env'
03:   karate.log('karate.env system property was:', env);
04:   if (!env) {
05:     env = 'dev';
06:   }
07:   var config = {
08:     apiUrl: 'http://localhost:3000/api/'
09:   }
10:   if (env == 'dev') {
11:     config.userEmail = 'test@test.coma'
12:     config.userPassword = 'test' 
13:   }
14:   if (env == 'e2e') {
15:     // customize
16:   }
17: 
18:   var accessToken = karate.callSingle('classpath:helpers/CreateToken.feature', config).authToken
19:   karate.configure('headers', { Authorization: 'Token ' + accessToken })
20: 
21:   return config;
22: }
<<<<
com.intuit.karate.KarateException: js failed:
>>>>
01: function fn() {
02:   var env = karate.env; // get system property 'karate.env'
03:   karate.log('karate.env system property was:', env);
04:   if (!env) {
05:     env = 'dev';
06:   }
07:   var config = {
08:     apiUrl: 'http://localhost:3000/api/'
09:   }
10:   if (env == 'dev') {
11:     config.userEmail = 'test@test.coma'
12:     config.userPassword = 'test' 
13:   }
14:   if (env == 'e2e') {
15:     // customize
16:   }
17: 
18:   var accessToken = karate.callSingle('classpath:helpers/CreateToken.feature', config).authToken
19:   karate.configure('headers', { Authorization: 'Token ' + accessToken })
20: 
21:   return config;
22: }
<<<<
org.graalvm.polyglot.PolyglotException: status code was: 422, expected: 200, response time in milliseconds: 34, url: http://localhost:3000/api/users/login, response: 
{"errors":{"email or password":"is invalid"}}
classpath:helpers/CreateToken.feature:8
- com.intuit.karate.core.ScenarioBridge.callSingle(ScenarioBridge.java:234)
- <js>.fn(Unnamed:18)

- com.intuit.karate.graal.JsEngine.fromJsEvalException(JsEngine.java:230)
- com.intuit.karate.core.ScenarioEngine.executeJsValue(ScenarioEngine.java:1244)
- com.intuit.karate.core.ScenarioEngine.executeFunction(ScenarioEngine.java:1227)
- com.intuit.karate.core.ScenarioEngine.getOrEvalAsMap(ScenarioEngine.java:1216)
- com.intuit.karate.core.ScenarioRuntime.evalConfigJs(ScenarioRuntime.java:291)
- com.intuit.karate.core.ScenarioRuntime.beforeRun(ScenarioRuntime.java:369)
- com.intuit.karate.core.ScenarioRuntime.run(ScenarioRuntime.java:395)

classpath:ConduitApp/feature/Articles.feature:5
classpath:ConduitApp/feature/Articles.feature:8
classpath:ConduitApp/feature/Articles.feature:9
classpath:ConduitApp/feature/Articles.feature:10
classpath:ConduitApp/feature/Articles.feature:11
20:54:43.247 [main] ERROR com.intuit.karate - classpath:ConduitApp/feature/Articles.feature:12
And match response.article.title == 'Article12'
>> classpath:ConduitApp/feature/Articles.feature:7
>> karate-config.js failed
>> js failed:
>>>>
01: function fn() {
02:   var env = karate.env; // get system property 'karate.env'
03:   karate.log('karate.env system property was:', env);
04:   if (!env) {
05:     env = 'dev';
06:   }
07:   var config = {
08:     apiUrl: 'http://localhost:3000/api/'
09:   }
10:   if (env == 'dev') {
11:     config.userEmail = 'test@test.coma'
12:     config.userPassword = 'test' 
13:   }
14:   if (env == 'e2e') {
15:     // customize
16:   }
17: 
18:   var accessToken = karate.callSingle('classpath:helpers/CreateToken.feature', config).authToken
19:   karate.configure('headers', { Authorization: 'Token ' + accessToken })
20: 
21:   return config;
22: }
<<<<
org.graalvm.polyglot.PolyglotException: status code was: 422, expected: 200, response time in milliseconds: 34, url: http://localhost:3000/api/users/login, response: 
{"errors":{"email or password":"is invalid"}}
classpath:helpers/CreateToken.feature:8
- com.intuit.karate.core.ScenarioBridge.callSingle(ScenarioBridge.java:234)
- <js>.fn(Unnamed:18)

js failed:
>>>>
01: function fn() {
02:   var env = karate.env; // get system property 'karate.env'
03:   karate.log('karate.env system property was:', env);
04:   if (!env) {
05:     env = 'dev';
06:   }
07:   var config = {
08:     apiUrl: 'http://localhost:3000/api/'
09:   }
10:   if (env == 'dev') {
11:     config.userEmail = 'test@test.coma'
12:     config.userPassword = 'test' 
13:   }
14:   if (env == 'e2e') {
15:     // customize
16:   }
17: 
18:   var accessToken = karate.callSingle('classpath:helpers/CreateToken.feature', config).authToken
19:   karate.configure('headers', { Authorization: 'Token ' + accessToken })
20: 
21:   return config;
22: }
<<<<
com.intuit.karate.KarateException: js failed:
>>>>
01: function fn() {
02:   var env = karate.env; // get system property 'karate.env'
03:   karate.log('karate.env system property was:', env);
04:   if (!env) {
05:     env = 'dev';
06:   }
07:   var config = {
08:     apiUrl: 'http://localhost:3000/api/'
09:   }
10:   if (env == 'dev') {
11:     config.userEmail = 'test@test.coma'
12:     config.userPassword = 'test' 
13:   }
14:   if (env == 'e2e') {
15:     // customize
16:   }
17: 
18:   var accessToken = karate.callSingle('classpath:helpers/CreateToken.feature', config).authToken
19:   karate.configure('headers', { Authorization: 'Token ' + accessToken })
20: 
21:   return config;
22: }
<<<<
org.graalvm.polyglot.PolyglotException: status code was: 422, expected: 200, response time in milliseconds: 34, url: http://localhost:3000/api/users/login, response: 
{"errors":{"email or password":"is invalid"}}
classpath:helpers/CreateToken.feature:8
- com.intuit.karate.core.ScenarioBridge.callSingle(ScenarioBridge.java:234)
- <js>.fn(Unnamed:18)

- com.intuit.karate.graal.JsEngine.fromJsEvalException(JsEngine.java:230)
- com.intuit.karate.core.ScenarioEngine.executeJsValue(ScenarioEngine.java:1244)
- com.intuit.karate.core.ScenarioEngine.executeFunction(ScenarioEngine.java:1227)
- com.intuit.karate.core.ScenarioEngine.getOrEvalAsMap(ScenarioEngine.java:1216)
- com.intuit.karate.core.ScenarioRuntime.evalConfigJs(ScenarioRuntime.java:291)
- com.intuit.karate.core.ScenarioRuntime.beforeRun(ScenarioRuntime.java:369)
- com.intuit.karate.core.ScenarioRuntime.run(ScenarioRuntime.java:395)

classpath:ConduitApp/feature/Articles.feature:5
classpath:ConduitApp/feature/Articles.feature:8
classpath:ConduitApp/feature/Articles.feature:9
classpath:ConduitApp/feature/Articles.feature:10
classpath:ConduitApp/feature/Articles.feature:11
classpath:ConduitApp/feature/Articles.feature:12
]]></system-out>
  </testcase>
  <testcase name="testAll[1][2]" classname="ConduitApp.ConduitTest" time="2.614">
    <failure message="&gt;&gt; classpath:ConduitApp/feature/Articles.feature:14&#10;&gt;&gt; karate-config.js failed&#10;&gt;&gt; js failed:&#10;&gt;&gt;&gt;&gt;&#10;01: function fn() {&#10;02:   var env = karate.env; // get system property &apos;karate.env&apos;&#10;03:   karate.log(&apos;karate.env system property was:&apos;, env);&#10;04:   if (!env) {&#10;05:     env = &apos;dev&apos;;&#10;06:   }&#10;07:   var config = {&#10;08:     apiUrl: &apos;http://localhost:3000/api/&apos;&#10;09:   }&#10;10:   if (env == &apos;dev&apos;) {&#10;11:     config.userEmail = &apos;test@test.coma&apos;&#10;12:     config.userPassword = &apos;test&apos; &#10;13:   }&#10;14:   if (env == &apos;e2e&apos;) {&#10;15:     // customize&#10;16:   }&#10;17: &#10;18:   var accessToken = karate.callSingle(&apos;classpath:helpers/CreateToken.feature&apos;, config).authToken&#10;19:   karate.configure(&apos;headers&apos;, { Authorization: &apos;Token &apos; + accessToken })&#10;20: &#10;21:   return config;&#10;22: }&#10;&lt;&lt;&lt;&lt;&#10;org.graalvm.polyglot.PolyglotException: status code was: 422, expected: 200, response time in milliseconds: 34, url: http://localhost:3000/api/users/login, response: &#10;{&quot;errors&quot;:{&quot;email or password&quot;:&quot;is invalid&quot;}}&#10;classpath:helpers/CreateToken.feature:8&#10;- com.intuit.karate.core.ScenarioBridge.callSingle(ScenarioBridge.java:234)&#10;- &lt;js&gt;.fn(Unnamed:18)&#10;&#10;js failed:&#10;&gt;&gt;&gt;&gt;&#10;01: function fn() {&#10;02:   var env = karate.env; // get system property &apos;karate.env&apos;&#10;03:   karate.log(&apos;karate.env system property was:&apos;, env);&#10;04:   if (!env) {&#10;05:     env = &apos;dev&apos;;&#10;06:   }&#10;07:   var config = {&#10;08:     apiUrl: &apos;http://localhost:3000/api/&apos;&#10;09:   }&#10;10:   if (env == &apos;dev&apos;) {&#10;11:     config.userEmail = &apos;test@test.coma&apos;&#10;12:     config.userPassword = &apos;test&apos; &#10;13:   }&#10;14:   if (env == &apos;e2e&apos;) {&#10;15:     // customize&#10;16:   }&#10;17: &#10;18:   var accessToken = karate.callSingle(&apos;classpath:helpers/CreateToken.feature&apos;, config).authToken&#10;19:   karate.configure(&apos;headers&apos;, { Authorization: &apos;Token &apos; + accessToken })&#10;20: &#10;21:   return config;&#10;22: }&#10;&lt;&lt;&lt;&lt;&#10;com.intuit.karate.KarateException: js failed:&#10;&gt;&gt;&gt;&gt;&#10;01: function fn() {&#10;02:   var env = karate.env; // get system property &apos;karate.env&apos;&#10;03:   karate.log(&apos;karate.env system property was:&apos;, env);&#10;04:   if (!env) {&#10;05:     env = &apos;dev&apos;;&#10;06:   }&#10;07:   var config = {&#10;08:     apiUrl: &apos;http://localhost:3000/api/&apos;&#10;09:   }&#10;10:   if (env == &apos;dev&apos;) {&#10;11:     config.userEmail = &apos;test@test.coma&apos;&#10;12:     config.userPassword = &apos;test&apos; &#10;13:   }&#10;14:   if (env == &apos;e2e&apos;) {&#10;15:     // customize&#10;16:   }&#10;17: &#10;18:   var accessToken = karate.callSingle(&apos;classpath:helpers/CreateToken.feature&apos;, config).authToken&#10;19:   karate.configure(&apos;headers&apos;, { Authorization: &apos;Token &apos; + accessToken })&#10;20: &#10;21:   return config;&#10;22: }&#10;&lt;&lt;&lt;&lt;&#10;org.graalvm.polyglot.PolyglotException: status code was: 422, expected: 200, response time in milliseconds: 34, url: http://localhost:3000/api/users/login, response: &#10;{&quot;errors&quot;:{&quot;email or password&quot;:&quot;is invalid&quot;}}&#10;classpath:helpers/CreateToken.feature:8&#10;- com.intuit.karate.core.ScenarioBridge.callSingle(ScenarioBridge.java:234)&#10;- &lt;js&gt;.fn(Unnamed:18)&#10;&#10;- com.intuit.karate.graal.JsEngine.fromJsEvalException(JsEngine.java:230)&#10;- com.intuit.karate.core.ScenarioEngine.executeJsValue(ScenarioEngine.java:1244)&#10;- com.intuit.karate.core.ScenarioEngine.executeFunction(ScenarioEngine.java:1227)&#10;- com.intuit.karate.core.ScenarioEngine.getOrEvalAsMap(ScenarioEngine.java:1216)&#10;- com.intuit.karate.core.ScenarioRuntime.evalConfigJs(ScenarioRuntime.java:291)&#10;- com.intuit.karate.core.ScenarioRuntime.beforeRun(ScenarioRuntime.java:369)&#10;- com.intuit.karate.core.ScenarioRuntime.run(ScenarioRuntime.java:395)&#10;&#10;classpath:ConduitApp/feature/Articles.feature:5&#10;classpath:ConduitApp/feature/Articles.feature:15&#10;classpath:ConduitApp/feature/Articles.feature:16&#10;classpath:ConduitApp/feature/Articles.feature:17&#10;classpath:ConduitApp/feature/Articles.feature:18&#10;classpath:ConduitApp/feature/Articles.feature:19&#10;classpath:ConduitApp/feature/Articles.feature:21&#10;classpath:ConduitApp/feature/Articles.feature:22&#10;classpath:ConduitApp/feature/Articles.feature:23&#10;classpath:ConduitApp/feature/Articles.feature:24&#10;classpath:ConduitApp/feature/Articles.feature:25&#10;classpath:ConduitApp/feature/Articles.feature:27&#10;classpath:ConduitApp/feature/Articles.feature:28&#10;classpath:ConduitApp/feature/Articles.feature:29&#10;classpath:ConduitApp/feature/Articles.feature:31&#10;classpath:ConduitApp/feature/Articles.feature:32&#10;classpath:ConduitApp/feature/Articles.feature:33&#10;classpath:ConduitApp/feature/Articles.feature:34&#10;classpath:ConduitApp/feature/Articles.feature:35" type="org.opentest4j.AssertionFailedError"><![CDATA[org.opentest4j.AssertionFailedError: 
>> classpath:ConduitApp/feature/Articles.feature:14
>> karate-config.js failed
>> js failed:
>>>>
01: function fn() {
02:   var env = karate.env; // get system property 'karate.env'
03:   karate.log('karate.env system property was:', env);
04:   if (!env) {
05:     env = 'dev';
06:   }
07:   var config = {
08:     apiUrl: 'http://localhost:3000/api/'
09:   }
10:   if (env == 'dev') {
11:     config.userEmail = 'test@test.coma'
12:     config.userPassword = 'test' 
13:   }
14:   if (env == 'e2e') {
15:     // customize
16:   }
17: 
18:   var accessToken = karate.callSingle('classpath:helpers/CreateToken.feature', config).authToken
19:   karate.configure('headers', { Authorization: 'Token ' + accessToken })
20: 
21:   return config;
22: }
<<<<
org.graalvm.polyglot.PolyglotException: status code was: 422, expected: 200, response time in milliseconds: 34, url: http://localhost:3000/api/users/login, response: 
{"errors":{"email or password":"is invalid"}}
classpath:helpers/CreateToken.feature:8
- com.intuit.karate.core.ScenarioBridge.callSingle(ScenarioBridge.java:234)
- <js>.fn(Unnamed:18)

js failed:
>>>>
01: function fn() {
02:   var env = karate.env; // get system property 'karate.env'
03:   karate.log('karate.env system property was:', env);
04:   if (!env) {
05:     env = 'dev';
06:   }
07:   var config = {
08:     apiUrl: 'http://localhost:3000/api/'
09:   }
10:   if (env == 'dev') {
11:     config.userEmail = 'test@test.coma'
12:     config.userPassword = 'test' 
13:   }
14:   if (env == 'e2e') {
15:     // customize
16:   }
17: 
18:   var accessToken = karate.callSingle('classpath:helpers/CreateToken.feature', config).authToken
19:   karate.configure('headers', { Authorization: 'Token ' + accessToken })
20: 
21:   return config;
22: }
<<<<
com.intuit.karate.KarateException: js failed:
>>>>
01: function fn() {
02:   var env = karate.env; // get system property 'karate.env'
03:   karate.log('karate.env system property was:', env);
04:   if (!env) {
05:     env = 'dev';
06:   }
07:   var config = {
08:     apiUrl: 'http://localhost:3000/api/'
09:   }
10:   if (env == 'dev') {
11:     config.userEmail = 'test@test.coma'
12:     config.userPassword = 'test' 
13:   }
14:   if (env == 'e2e') {
15:     // customize
16:   }
17: 
18:   var accessToken = karate.callSingle('classpath:helpers/CreateToken.feature', config).authToken
19:   karate.configure('headers', { Authorization: 'Token ' + accessToken })
20: 
21:   return config;
22: }
<<<<
org.graalvm.polyglot.PolyglotException: status code was: 422, expected: 200, response time in milliseconds: 34, url: http://localhost:3000/api/users/login, response: 
{"errors":{"email or password":"is invalid"}}
classpath:helpers/CreateToken.feature:8
- com.intuit.karate.core.ScenarioBridge.callSingle(ScenarioBridge.java:234)
- <js>.fn(Unnamed:18)

- com.intuit.karate.graal.JsEngine.fromJsEvalException(JsEngine.java:230)
- com.intuit.karate.core.ScenarioEngine.executeJsValue(ScenarioEngine.java:1244)
- com.intuit.karate.core.ScenarioEngine.executeFunction(ScenarioEngine.java:1227)
- com.intuit.karate.core.ScenarioEngine.getOrEvalAsMap(ScenarioEngine.java:1216)
- com.intuit.karate.core.ScenarioRuntime.evalConfigJs(ScenarioRuntime.java:291)
- com.intuit.karate.core.ScenarioRuntime.beforeRun(ScenarioRuntime.java:369)
- com.intuit.karate.core.ScenarioRuntime.run(ScenarioRuntime.java:395)

classpath:ConduitApp/feature/Articles.feature:5
classpath:ConduitApp/feature/Articles.feature:15
classpath:ConduitApp/feature/Articles.feature:16
classpath:ConduitApp/feature/Articles.feature:17
classpath:ConduitApp/feature/Articles.feature:18
classpath:ConduitApp/feature/Articles.feature:19
classpath:ConduitApp/feature/Articles.feature:21
classpath:ConduitApp/feature/Articles.feature:22
classpath:ConduitApp/feature/Articles.feature:23
classpath:ConduitApp/feature/Articles.feature:24
classpath:ConduitApp/feature/Articles.feature:25
classpath:ConduitApp/feature/Articles.feature:27
classpath:ConduitApp/feature/Articles.feature:28
classpath:ConduitApp/feature/Articles.feature:29
classpath:ConduitApp/feature/Articles.feature:31
classpath:ConduitApp/feature/Articles.feature:32
classpath:ConduitApp/feature/Articles.feature:33
classpath:ConduitApp/feature/Articles.feature:34
classpath:ConduitApp/feature/Articles.feature:35
]]></failure>
    <system-out><![CDATA[20:54:43.282 [main] INFO  com.intuit.karate - karate.env system property was: null 
20:54:43.284 [main] WARN  com.intuit.karate - callSingle() cached result is an exception
20:54:43.292 [main] ERROR com.intuit.karate - classpath:ConduitApp/feature/Articles.feature:5
Given url apiUrl
>> classpath:ConduitApp/feature/Articles.feature:14
>> karate-config.js failed
>> js failed:
>>>>
01: function fn() {
02:   var env = karate.env; // get system property 'karate.env'
03:   karate.log('karate.env system property was:', env);
04:   if (!env) {
05:     env = 'dev';
06:   }
07:   var config = {
08:     apiUrl: 'http://localhost:3000/api/'
09:   }
10:   if (env == 'dev') {
11:     config.userEmail = 'test@test.coma'
12:     config.userPassword = 'test' 
13:   }
14:   if (env == 'e2e') {
15:     // customize
16:   }
17: 
18:   var accessToken = karate.callSingle('classpath:helpers/CreateToken.feature', config).authToken
19:   karate.configure('headers', { Authorization: 'Token ' + accessToken })
20: 
21:   return config;
22: }
<<<<
org.graalvm.polyglot.PolyglotException: status code was: 422, expected: 200, response time in milliseconds: 34, url: http://localhost:3000/api/users/login, response: 
{"errors":{"email or password":"is invalid"}}
classpath:helpers/CreateToken.feature:8
- com.intuit.karate.core.ScenarioBridge.callSingle(ScenarioBridge.java:234)
- <js>.fn(Unnamed:18)

js failed:
>>>>
01: function fn() {
02:   var env = karate.env; // get system property 'karate.env'
03:   karate.log('karate.env system property was:', env);
04:   if (!env) {
05:     env = 'dev';
06:   }
07:   var config = {
08:     apiUrl: 'http://localhost:3000/api/'
09:   }
10:   if (env == 'dev') {
11:     config.userEmail = 'test@test.coma'
12:     config.userPassword = 'test' 
13:   }
14:   if (env == 'e2e') {
15:     // customize
16:   }
17: 
18:   var accessToken = karate.callSingle('classpath:helpers/CreateToken.feature', config).authToken
19:   karate.configure('headers', { Authorization: 'Token ' + accessToken })
20: 
21:   return config;
22: }
<<<<
com.intuit.karate.KarateException: js failed:
>>>>
01: function fn() {
02:   var env = karate.env; // get system property 'karate.env'
03:   karate.log('karate.env system property was:', env);
04:   if (!env) {
05:     env = 'dev';
06:   }
07:   var config = {
08:     apiUrl: 'http://localhost:3000/api/'
09:   }
10:   if (env == 'dev') {
11:     config.userEmail = 'test@test.coma'
12:     config.userPassword = 'test' 
13:   }
14:   if (env == 'e2e') {
15:     // customize
16:   }
17: 
18:   var accessToken = karate.callSingle('classpath:helpers/CreateToken.feature', config).authToken
19:   karate.configure('headers', { Authorization: 'Token ' + accessToken })
20: 
21:   return config;
22: }
<<<<
org.graalvm.polyglot.PolyglotException: status code was: 422, expected: 200, response time in milliseconds: 34, url: http://localhost:3000/api/users/login, response: 
{"errors":{"email or password":"is invalid"}}
classpath:helpers/CreateToken.feature:8
- com.intuit.karate.core.ScenarioBridge.callSingle(ScenarioBridge.java:234)
- <js>.fn(Unnamed:18)

- com.intuit.karate.graal.JsEngine.fromJsEvalException(JsEngine.java:230)
- com.intuit.karate.core.ScenarioEngine.executeJsValue(ScenarioEngine.java:1244)
- com.intuit.karate.core.ScenarioEngine.executeFunction(ScenarioEngine.java:1227)
- com.intuit.karate.core.ScenarioEngine.getOrEvalAsMap(ScenarioEngine.java:1216)
- com.intuit.karate.core.ScenarioRuntime.evalConfigJs(ScenarioRuntime.java:291)
- com.intuit.karate.core.ScenarioRuntime.beforeRun(ScenarioRuntime.java:369)
- com.intuit.karate.core.ScenarioRuntime.run(ScenarioRuntime.java:395)

classpath:ConduitApp/feature/Articles.feature:5
20:54:43.294 [main] ERROR com.intuit.karate - classpath:ConduitApp/feature/Articles.feature:15
Given path 'articles'
>> classpath:ConduitApp/feature/Articles.feature:14
>> karate-config.js failed
>> js failed:
>>>>
01: function fn() {
02:   var env = karate.env; // get system property 'karate.env'
03:   karate.log('karate.env system property was:', env);
04:   if (!env) {
05:     env = 'dev';
06:   }
07:   var config = {
08:     apiUrl: 'http://localhost:3000/api/'
09:   }
10:   if (env == 'dev') {
11:     config.userEmail = 'test@test.coma'
12:     config.userPassword = 'test' 
13:   }
14:   if (env == 'e2e') {
15:     // customize
16:   }
17: 
18:   var accessToken = karate.callSingle('classpath:helpers/CreateToken.feature', config).authToken
19:   karate.configure('headers', { Authorization: 'Token ' + accessToken })
20: 
21:   return config;
22: }
<<<<
org.graalvm.polyglot.PolyglotException: status code was: 422, expected: 200, response time in milliseconds: 34, url: http://localhost:3000/api/users/login, response: 
{"errors":{"email or password":"is invalid"}}
classpath:helpers/CreateToken.feature:8
- com.intuit.karate.core.ScenarioBridge.callSingle(ScenarioBridge.java:234)
- <js>.fn(Unnamed:18)

js failed:
>>>>
01: function fn() {
02:   var env = karate.env; // get system property 'karate.env'
03:   karate.log('karate.env system property was:', env);
04:   if (!env) {
05:     env = 'dev';
06:   }
07:   var config = {
08:     apiUrl: 'http://localhost:3000/api/'
09:   }
10:   if (env == 'dev') {
11:     config.userEmail = 'test@test.coma'
12:     config.userPassword = 'test' 
13:   }
14:   if (env == 'e2e') {
15:     // customize
16:   }
17: 
18:   var accessToken = karate.callSingle('classpath:helpers/CreateToken.feature', config).authToken
19:   karate.configure('headers', { Authorization: 'Token ' + accessToken })
20: 
21:   return config;
22: }
<<<<
com.intuit.karate.KarateException: js failed:
>>>>
01: function fn() {
02:   var env = karate.env; // get system property 'karate.env'
03:   karate.log('karate.env system property was:', env);
04:   if (!env) {
05:     env = 'dev';
06:   }
07:   var config = {
08:     apiUrl: 'http://localhost:3000/api/'
09:   }
10:   if (env == 'dev') {
11:     config.userEmail = 'test@test.coma'
12:     config.userPassword = 'test' 
13:   }
14:   if (env == 'e2e') {
15:     // customize
16:   }
17: 
18:   var accessToken = karate.callSingle('classpath:helpers/CreateToken.feature', config).authToken
19:   karate.configure('headers', { Authorization: 'Token ' + accessToken })
20: 
21:   return config;
22: }
<<<<
org.graalvm.polyglot.PolyglotException: status code was: 422, expected: 200, response time in milliseconds: 34, url: http://localhost:3000/api/users/login, response: 
{"errors":{"email or password":"is invalid"}}
classpath:helpers/CreateToken.feature:8
- com.intuit.karate.core.ScenarioBridge.callSingle(ScenarioBridge.java:234)
- <js>.fn(Unnamed:18)

- com.intuit.karate.graal.JsEngine.fromJsEvalException(JsEngine.java:230)
- com.intuit.karate.core.ScenarioEngine.executeJsValue(ScenarioEngine.java:1244)
- com.intuit.karate.core.ScenarioEngine.executeFunction(ScenarioEngine.java:1227)
- com.intuit.karate.core.ScenarioEngine.getOrEvalAsMap(ScenarioEngine.java:1216)
- com.intuit.karate.core.ScenarioRuntime.evalConfigJs(ScenarioRuntime.java:291)
- com.intuit.karate.core.ScenarioRuntime.beforeRun(ScenarioRuntime.java:369)
- com.intuit.karate.core.ScenarioRuntime.run(ScenarioRuntime.java:395)

classpath:ConduitApp/feature/Articles.feature:5
classpath:ConduitApp/feature/Articles.feature:15
20:54:43.295 [main] ERROR com.intuit.karate - classpath:ConduitApp/feature/Articles.feature:16
And request {article: {title: "ArticleToDelete", description: "ArticleToDelete", body: "ArticleToDelete", tagList: ["ArticleToDelete"]}}
>> classpath:ConduitApp/feature/Articles.feature:14
>> karate-config.js failed
>> js failed:
>>>>
01: function fn() {
02:   var env = karate.env; // get system property 'karate.env'
03:   karate.log('karate.env system property was:', env);
04:   if (!env) {
05:     env = 'dev';
06:   }
07:   var config = {
08:     apiUrl: 'http://localhost:3000/api/'
09:   }
10:   if (env == 'dev') {
11:     config.userEmail = 'test@test.coma'
12:     config.userPassword = 'test' 
13:   }
14:   if (env == 'e2e') {
15:     // customize
16:   }
17: 
18:   var accessToken = karate.callSingle('classpath:helpers/CreateToken.feature', config).authToken
19:   karate.configure('headers', { Authorization: 'Token ' + accessToken })
20: 
21:   return config;
22: }
<<<<
org.graalvm.polyglot.PolyglotException: status code was: 422, expected: 200, response time in milliseconds: 34, url: http://localhost:3000/api/users/login, response: 
{"errors":{"email or password":"is invalid"}}
classpath:helpers/CreateToken.feature:8
- com.intuit.karate.core.ScenarioBridge.callSingle(ScenarioBridge.java:234)
- <js>.fn(Unnamed:18)

js failed:
>>>>
01: function fn() {
02:   var env = karate.env; // get system property 'karate.env'
03:   karate.log('karate.env system property was:', env);
04:   if (!env) {
05:     env = 'dev';
06:   }
07:   var config = {
08:     apiUrl: 'http://localhost:3000/api/'
09:   }
10:   if (env == 'dev') {
11:     config.userEmail = 'test@test.coma'
12:     config.userPassword = 'test' 
13:   }
14:   if (env == 'e2e') {
15:     // customize
16:   }
17: 
18:   var accessToken = karate.callSingle('classpath:helpers/CreateToken.feature', config).authToken
19:   karate.configure('headers', { Authorization: 'Token ' + accessToken })
20: 
21:   return config;
22: }
<<<<
com.intuit.karate.KarateException: js failed:
>>>>
01: function fn() {
02:   var env = karate.env; // get system property 'karate.env'
03:   karate.log('karate.env system property was:', env);
04:   if (!env) {
05:     env = 'dev';
06:   }
07:   var config = {
08:     apiUrl: 'http://localhost:3000/api/'
09:   }
10:   if (env == 'dev') {
11:     config.userEmail = 'test@test.coma'
12:     config.userPassword = 'test' 
13:   }
14:   if (env == 'e2e') {
15:     // customize
16:   }
17: 
18:   var accessToken = karate.callSingle('classpath:helpers/CreateToken.feature', config).authToken
19:   karate.configure('headers', { Authorization: 'Token ' + accessToken })
20: 
21:   return config;
22: }
<<<<
org.graalvm.polyglot.PolyglotException: status code was: 422, expected: 200, response time in milliseconds: 34, url: http://localhost:3000/api/users/login, response: 
{"errors":{"email or password":"is invalid"}}
classpath:helpers/CreateToken.feature:8
- com.intuit.karate.core.ScenarioBridge.callSingle(ScenarioBridge.java:234)
- <js>.fn(Unnamed:18)

- com.intuit.karate.graal.JsEngine.fromJsEvalException(JsEngine.java:230)
- com.intuit.karate.core.ScenarioEngine.executeJsValue(ScenarioEngine.java:1244)
- com.intuit.karate.core.ScenarioEngine.executeFunction(ScenarioEngine.java:1227)
- com.intuit.karate.core.ScenarioEngine.getOrEvalAsMap(ScenarioEngine.java:1216)
- com.intuit.karate.core.ScenarioRuntime.evalConfigJs(ScenarioRuntime.java:291)
- com.intuit.karate.core.ScenarioRuntime.beforeRun(ScenarioRuntime.java:369)
- com.intuit.karate.core.ScenarioRuntime.run(ScenarioRuntime.java:395)

classpath:ConduitApp/feature/Articles.feature:5
classpath:ConduitApp/feature/Articles.feature:15
classpath:ConduitApp/feature/Articles.feature:16
20:54:43.296 [main] ERROR com.intuit.karate - classpath:ConduitApp/feature/Articles.feature:17
When method Post
>> classpath:ConduitApp/feature/Articles.feature:14
>> karate-config.js failed
>> js failed:
>>>>
01: function fn() {
02:   var env = karate.env; // get system property 'karate.env'
03:   karate.log('karate.env system property was:', env);
04:   if (!env) {
05:     env = 'dev';
06:   }
07:   var config = {
08:     apiUrl: 'http://localhost:3000/api/'
09:   }
10:   if (env == 'dev') {
11:     config.userEmail = 'test@test.coma'
12:     config.userPassword = 'test' 
13:   }
14:   if (env == 'e2e') {
15:     // customize
16:   }
17: 
18:   var accessToken = karate.callSingle('classpath:helpers/CreateToken.feature', config).authToken
19:   karate.configure('headers', { Authorization: 'Token ' + accessToken })
20: 
21:   return config;
22: }
<<<<
org.graalvm.polyglot.PolyglotException: status code was: 422, expected: 200, response time in milliseconds: 34, url: http://localhost:3000/api/users/login, response: 
{"errors":{"email or password":"is invalid"}}
classpath:helpers/CreateToken.feature:8
- com.intuit.karate.core.ScenarioBridge.callSingle(ScenarioBridge.java:234)
- <js>.fn(Unnamed:18)

js failed:
>>>>
01: function fn() {
02:   var env = karate.env; // get system property 'karate.env'
03:   karate.log('karate.env system property was:', env);
04:   if (!env) {
05:     env = 'dev';
06:   }
07:   var config = {
08:     apiUrl: 'http://localhost:3000/api/'
09:   }
10:   if (env == 'dev') {
11:     config.userEmail = 'test@test.coma'
12:     config.userPassword = 'test' 
13:   }
14:   if (env == 'e2e') {
15:     // customize
16:   }
17: 
18:   var accessToken = karate.callSingle('classpath:helpers/CreateToken.feature', config).authToken
19:   karate.configure('headers', { Authorization: 'Token ' + accessToken })
20: 
21:   return config;
22: }
<<<<
com.intuit.karate.KarateException: js failed:
>>>>
01: function fn() {
02:   var env = karate.env; // get system property 'karate.env'
03:   karate.log('karate.env system property was:', env);
04:   if (!env) {
05:     env = 'dev';
06:   }
07:   var config = {
08:     apiUrl: 'http://localhost:3000/api/'
09:   }
10:   if (env == 'dev') {
11:     config.userEmail = 'test@test.coma'
12:     config.userPassword = 'test' 
13:   }
14:   if (env == 'e2e') {
15:     // customize
16:   }
17: 
18:   var accessToken = karate.callSingle('classpath:helpers/CreateToken.feature', config).authToken
19:   karate.configure('headers', { Authorization: 'Token ' + accessToken })
20: 
21:   return config;
22: }
<<<<
org.graalvm.polyglot.PolyglotException: status code was: 422, expected: 200, response time in milliseconds: 34, url: http://localhost:3000/api/users/login, response: 
{"errors":{"email or password":"is invalid"}}
classpath:helpers/CreateToken.feature:8
- com.intuit.karate.core.ScenarioBridge.callSingle(ScenarioBridge.java:234)
- <js>.fn(Unnamed:18)

- com.intuit.karate.graal.JsEngine.fromJsEvalException(JsEngine.java:230)
- com.intuit.karate.core.ScenarioEngine.executeJsValue(ScenarioEngine.java:1244)
- com.intuit.karate.core.ScenarioEngine.executeFunction(ScenarioEngine.java:1227)
- com.intuit.karate.core.ScenarioEngine.getOrEvalAsMap(ScenarioEngine.java:1216)
- com.intuit.karate.core.ScenarioRuntime.evalConfigJs(ScenarioRuntime.java:291)
- com.intuit.karate.core.ScenarioRuntime.beforeRun(ScenarioRuntime.java:369)
- com.intuit.karate.core.ScenarioRuntime.run(ScenarioRuntime.java:395)

classpath:ConduitApp/feature/Articles.feature:5
classpath:ConduitApp/feature/Articles.feature:15
classpath:ConduitApp/feature/Articles.feature:16
classpath:ConduitApp/feature/Articles.feature:17
20:54:43.297 [main] ERROR com.intuit.karate - classpath:ConduitApp/feature/Articles.feature:18
Then status 200
>> classpath:ConduitApp/feature/Articles.feature:14
>> karate-config.js failed
>> js failed:
>>>>
01: function fn() {
02:   var env = karate.env; // get system property 'karate.env'
03:   karate.log('karate.env system property was:', env);
04:   if (!env) {
05:     env = 'dev';
06:   }
07:   var config = {
08:     apiUrl: 'http://localhost:3000/api/'
09:   }
10:   if (env == 'dev') {
11:     config.userEmail = 'test@test.coma'
12:     config.userPassword = 'test' 
13:   }
14:   if (env == 'e2e') {
15:     // customize
16:   }
17: 
18:   var accessToken = karate.callSingle('classpath:helpers/CreateToken.feature', config).authToken
19:   karate.configure('headers', { Authorization: 'Token ' + accessToken })
20: 
21:   return config;
22: }
<<<<
org.graalvm.polyglot.PolyglotException: status code was: 422, expected: 200, response time in milliseconds: 34, url: http://localhost:3000/api/users/login, response: 
{"errors":{"email or password":"is invalid"}}
classpath:helpers/CreateToken.feature:8
- com.intuit.karate.core.ScenarioBridge.callSingle(ScenarioBridge.java:234)
- <js>.fn(Unnamed:18)

js failed:
>>>>
01: function fn() {
02:   var env = karate.env; // get system property 'karate.env'
03:   karate.log('karate.env system property was:', env);
04:   if (!env) {
05:     env = 'dev';
06:   }
07:   var config = {
08:     apiUrl: 'http://localhost:3000/api/'
09:   }
10:   if (env == 'dev') {
11:     config.userEmail = 'test@test.coma'
12:     config.userPassword = 'test' 
13:   }
14:   if (env == 'e2e') {
15:     // customize
16:   }
17: 
18:   var accessToken = karate.callSingle('classpath:helpers/CreateToken.feature', config).authToken
19:   karate.configure('headers', { Authorization: 'Token ' + accessToken })
20: 
21:   return config;
22: }
<<<<
com.intuit.karate.KarateException: js failed:
>>>>
01: function fn() {
02:   var env = karate.env; // get system property 'karate.env'
03:   karate.log('karate.env system property was:', env);
04:   if (!env) {
05:     env = 'dev';
06:   }
07:   var config = {
08:     apiUrl: 'http://localhost:3000/api/'
09:   }
10:   if (env == 'dev') {
11:     config.userEmail = 'test@test.coma'
12:     config.userPassword = 'test' 
13:   }
14:   if (env == 'e2e') {
15:     // customize
16:   }
17: 
18:   var accessToken = karate.callSingle('classpath:helpers/CreateToken.feature', config).authToken
19:   karate.configure('headers', { Authorization: 'Token ' + accessToken })
20: 
21:   return config;
22: }
<<<<
org.graalvm.polyglot.PolyglotException: status code was: 422, expected: 200, response time in milliseconds: 34, url: http://localhost:3000/api/users/login, response: 
{"errors":{"email or password":"is invalid"}}
classpath:helpers/CreateToken.feature:8
- com.intuit.karate.core.ScenarioBridge.callSingle(ScenarioBridge.java:234)
- <js>.fn(Unnamed:18)

- com.intuit.karate.graal.JsEngine.fromJsEvalException(JsEngine.java:230)
- com.intuit.karate.core.ScenarioEngine.executeJsValue(ScenarioEngine.java:1244)
- com.intuit.karate.core.ScenarioEngine.executeFunction(ScenarioEngine.java:1227)
- com.intuit.karate.core.ScenarioEngine.getOrEvalAsMap(ScenarioEngine.java:1216)
- com.intuit.karate.core.ScenarioRuntime.evalConfigJs(ScenarioRuntime.java:291)
- com.intuit.karate.core.ScenarioRuntime.beforeRun(ScenarioRuntime.java:369)
- com.intuit.karate.core.ScenarioRuntime.run(ScenarioRuntime.java:395)

classpath:ConduitApp/feature/Articles.feature:5
classpath:ConduitApp/feature/Articles.feature:15
classpath:ConduitApp/feature/Articles.feature:16
classpath:ConduitApp/feature/Articles.feature:17
classpath:ConduitApp/feature/Articles.feature:18
20:54:43.298 [main] ERROR com.intuit.karate - classpath:ConduitApp/feature/Articles.feature:19
* def articleId = response.article.slug
>> classpath:ConduitApp/feature/Articles.feature:14
>> karate-config.js failed
>> js failed:
>>>>
01: function fn() {
02:   var env = karate.env; // get system property 'karate.env'
03:   karate.log('karate.env system property was:', env);
04:   if (!env) {
05:     env = 'dev';
06:   }
07:   var config = {
08:     apiUrl: 'http://localhost:3000/api/'
09:   }
10:   if (env == 'dev') {
11:     config.userEmail = 'test@test.coma'
12:     config.userPassword = 'test' 
13:   }
14:   if (env == 'e2e') {
15:     // customize
16:   }
17: 
18:   var accessToken = karate.callSingle('classpath:helpers/CreateToken.feature', config).authToken
19:   karate.configure('headers', { Authorization: 'Token ' + accessToken })
20: 
21:   return config;
22: }
<<<<
org.graalvm.polyglot.PolyglotException: status code was: 422, expected: 200, response time in milliseconds: 34, url: http://localhost:3000/api/users/login, response: 
{"errors":{"email or password":"is invalid"}}
classpath:helpers/CreateToken.feature:8
- com.intuit.karate.core.ScenarioBridge.callSingle(ScenarioBridge.java:234)
- <js>.fn(Unnamed:18)

js failed:
>>>>
01: function fn() {
02:   var env = karate.env; // get system property 'karate.env'
03:   karate.log('karate.env system property was:', env);
04:   if (!env) {
05:     env = 'dev';
06:   }
07:   var config = {
08:     apiUrl: 'http://localhost:3000/api/'
09:   }
10:   if (env == 'dev') {
11:     config.userEmail = 'test@test.coma'
12:     config.userPassword = 'test' 
13:   }
14:   if (env == 'e2e') {
15:     // customize
16:   }
17: 
18:   var accessToken = karate.callSingle('classpath:helpers/CreateToken.feature', config).authToken
19:   karate.configure('headers', { Authorization: 'Token ' + accessToken })
20: 
21:   return config;
22: }
<<<<
com.intuit.karate.KarateException: js failed:
>>>>
01: function fn() {
02:   var env = karate.env; // get system property 'karate.env'
03:   karate.log('karate.env system property was:', env);
04:   if (!env) {
05:     env = 'dev';
06:   }
07:   var config = {
08:     apiUrl: 'http://localhost:3000/api/'
09:   }
10:   if (env == 'dev') {
11:     config.userEmail = 'test@test.coma'
12:     config.userPassword = 'test' 
13:   }
14:   if (env == 'e2e') {
15:     // customize
16:   }
17: 
18:   var accessToken = karate.callSingle('classpath:helpers/CreateToken.feature', config).authToken
19:   karate.configure('headers', { Authorization: 'Token ' + accessToken })
20: 
21:   return config;
22: }
<<<<
org.graalvm.polyglot.PolyglotException: status code was: 422, expected: 200, response time in milliseconds: 34, url: http://localhost:3000/api/users/login, response: 
{"errors":{"email or password":"is invalid"}}
classpath:helpers/CreateToken.feature:8
- com.intuit.karate.core.ScenarioBridge.callSingle(ScenarioBridge.java:234)
- <js>.fn(Unnamed:18)

- com.intuit.karate.graal.JsEngine.fromJsEvalException(JsEngine.java:230)
- com.intuit.karate.core.ScenarioEngine.executeJsValue(ScenarioEngine.java:1244)
- com.intuit.karate.core.ScenarioEngine.executeFunction(ScenarioEngine.java:1227)
- com.intuit.karate.core.ScenarioEngine.getOrEvalAsMap(ScenarioEngine.java:1216)
- com.intuit.karate.core.ScenarioRuntime.evalConfigJs(ScenarioRuntime.java:291)
- com.intuit.karate.core.ScenarioRuntime.beforeRun(ScenarioRuntime.java:369)
- com.intuit.karate.core.ScenarioRuntime.run(ScenarioRuntime.java:395)

classpath:ConduitApp/feature/Articles.feature:5
classpath:ConduitApp/feature/Articles.feature:15
classpath:ConduitApp/feature/Articles.feature:16
classpath:ConduitApp/feature/Articles.feature:17
classpath:ConduitApp/feature/Articles.feature:18
classpath:ConduitApp/feature/Articles.feature:19
20:54:43.298 [main] ERROR com.intuit.karate - classpath:ConduitApp/feature/Articles.feature:21
Given path 'articles'
>> classpath:ConduitApp/feature/Articles.feature:14
>> karate-config.js failed
>> js failed:
>>>>
01: function fn() {
02:   var env = karate.env; // get system property 'karate.env'
03:   karate.log('karate.env system property was:', env);
04:   if (!env) {
05:     env = 'dev';
06:   }
07:   var config = {
08:     apiUrl: 'http://localhost:3000/api/'
09:   }
10:   if (env == 'dev') {
11:     config.userEmail = 'test@test.coma'
12:     config.userPassword = 'test' 
13:   }
14:   if (env == 'e2e') {
15:     // customize
16:   }
17: 
18:   var accessToken = karate.callSingle('classpath:helpers/CreateToken.feature', config).authToken
19:   karate.configure('headers', { Authorization: 'Token ' + accessToken })
20: 
21:   return config;
22: }
<<<<
org.graalvm.polyglot.PolyglotException: status code was: 422, expected: 200, response time in milliseconds: 34, url: http://localhost:3000/api/users/login, response: 
{"errors":{"email or password":"is invalid"}}
classpath:helpers/CreateToken.feature:8
- com.intuit.karate.core.ScenarioBridge.callSingle(ScenarioBridge.java:234)
- <js>.fn(Unnamed:18)

js failed:
>>>>
01: function fn() {
02:   var env = karate.env; // get system property 'karate.env'
03:   karate.log('karate.env system property was:', env);
04:   if (!env) {
05:     env = 'dev';
06:   }
07:   var config = {
08:     apiUrl: 'http://localhost:3000/api/'
09:   }
10:   if (env == 'dev') {
11:     config.userEmail = 'test@test.coma'
12:     config.userPassword = 'test' 
13:   }
14:   if (env == 'e2e') {
15:     // customize
16:   }
17: 
18:   var accessToken = karate.callSingle('classpath:helpers/CreateToken.feature', config).authToken
19:   karate.configure('headers', { Authorization: 'Token ' + accessToken })
20: 
21:   return config;
22: }
<<<<
com.intuit.karate.KarateException: js failed:
>>>>
01: function fn() {
02:   var env = karate.env; // get system property 'karate.env'
03:   karate.log('karate.env system property was:', env);
04:   if (!env) {
05:     env = 'dev';
06:   }
07:   var config = {
08:     apiUrl: 'http://localhost:3000/api/'
09:   }
10:   if (env == 'dev') {
11:     config.userEmail = 'test@test.coma'
12:     config.userPassword = 'test' 
13:   }
14:   if (env == 'e2e') {
15:     // customize
16:   }
17: 
18:   var accessToken = karate.callSingle('classpath:helpers/CreateToken.feature', config).authToken
19:   karate.configure('headers', { Authorization: 'Token ' + accessToken })
20: 
21:   return config;
22: }
<<<<
org.graalvm.polyglot.PolyglotException: status code was: 422, expected: 200, response time in milliseconds: 34, url: http://localhost:3000/api/users/login, response: 
{"errors":{"email or password":"is invalid"}}
classpath:helpers/CreateToken.feature:8
- com.intuit.karate.core.ScenarioBridge.callSingle(ScenarioBridge.java:234)
- <js>.fn(Unnamed:18)

- com.intuit.karate.graal.JsEngine.fromJsEvalException(JsEngine.java:230)
- com.intuit.karate.core.ScenarioEngine.executeJsValue(ScenarioEngine.java:1244)
- com.intuit.karate.core.ScenarioEngine.executeFunction(ScenarioEngine.java:1227)
- com.intuit.karate.core.ScenarioEngine.getOrEvalAsMap(ScenarioEngine.java:1216)
- com.intuit.karate.core.ScenarioRuntime.evalConfigJs(ScenarioRuntime.java:291)
- com.intuit.karate.core.ScenarioRuntime.beforeRun(ScenarioRuntime.java:369)
- com.intuit.karate.core.ScenarioRuntime.run(ScenarioRuntime.java:395)

classpath:ConduitApp/feature/Articles.feature:5
classpath:ConduitApp/feature/Articles.feature:15
classpath:ConduitApp/feature/Articles.feature:16
classpath:ConduitApp/feature/Articles.feature:17
classpath:ConduitApp/feature/Articles.feature:18
classpath:ConduitApp/feature/Articles.feature:19
classpath:ConduitApp/feature/Articles.feature:21
20:54:43.299 [main] ERROR com.intuit.karate - classpath:ConduitApp/feature/Articles.feature:22
Given params { limit: 10, offset: 0 }
>> classpath:ConduitApp/feature/Articles.feature:14
>> karate-config.js failed
>> js failed:
>>>>
01: function fn() {
02:   var env = karate.env; // get system property 'karate.env'
03:   karate.log('karate.env system property was:', env);
04:   if (!env) {
05:     env = 'dev';
06:   }
07:   var config = {
08:     apiUrl: 'http://localhost:3000/api/'
09:   }
10:   if (env == 'dev') {
11:     config.userEmail = 'test@test.coma'
12:     config.userPassword = 'test' 
13:   }
14:   if (env == 'e2e') {
15:     // customize
16:   }
17: 
18:   var accessToken = karate.callSingle('classpath:helpers/CreateToken.feature', config).authToken
19:   karate.configure('headers', { Authorization: 'Token ' + accessToken })
20: 
21:   return config;
22: }
<<<<
org.graalvm.polyglot.PolyglotException: status code was: 422, expected: 200, response time in milliseconds: 34, url: http://localhost:3000/api/users/login, response: 
{"errors":{"email or password":"is invalid"}}
classpath:helpers/CreateToken.feature:8
- com.intuit.karate.core.ScenarioBridge.callSingle(ScenarioBridge.java:234)
- <js>.fn(Unnamed:18)

js failed:
>>>>
01: function fn() {
02:   var env = karate.env; // get system property 'karate.env'
03:   karate.log('karate.env system property was:', env);
04:   if (!env) {
05:     env = 'dev';
06:   }
07:   var config = {
08:     apiUrl: 'http://localhost:3000/api/'
09:   }
10:   if (env == 'dev') {
11:     config.userEmail = 'test@test.coma'
12:     config.userPassword = 'test' 
13:   }
14:   if (env == 'e2e') {
15:     // customize
16:   }
17: 
18:   var accessToken = karate.callSingle('classpath:helpers/CreateToken.feature', config).authToken
19:   karate.configure('headers', { Authorization: 'Token ' + accessToken })
20: 
21:   return config;
22: }
<<<<
com.intuit.karate.KarateException: js failed:
>>>>
01: function fn() {
02:   var env = karate.env; // get system property 'karate.env'
03:   karate.log('karate.env system property was:', env);
04:   if (!env) {
05:     env = 'dev';
06:   }
07:   var config = {
08:     apiUrl: 'http://localhost:3000/api/'
09:   }
10:   if (env == 'dev') {
11:     config.userEmail = 'test@test.coma'
12:     config.userPassword = 'test' 
13:   }
14:   if (env == 'e2e') {
15:     // customize
16:   }
17: 
18:   var accessToken = karate.callSingle('classpath:helpers/CreateToken.feature', config).authToken
19:   karate.configure('headers', { Authorization: 'Token ' + accessToken })
20: 
21:   return config;
22: }
<<<<
org.graalvm.polyglot.PolyglotException: status code was: 422, expected: 200, response time in milliseconds: 34, url: http://localhost:3000/api/users/login, response: 
{"errors":{"email or password":"is invalid"}}
classpath:helpers/CreateToken.feature:8
- com.intuit.karate.core.ScenarioBridge.callSingle(ScenarioBridge.java:234)
- <js>.fn(Unnamed:18)

- com.intuit.karate.graal.JsEngine.fromJsEvalException(JsEngine.java:230)
- com.intuit.karate.core.ScenarioEngine.executeJsValue(ScenarioEngine.java:1244)
- com.intuit.karate.core.ScenarioEngine.executeFunction(ScenarioEngine.java:1227)
- com.intuit.karate.core.ScenarioEngine.getOrEvalAsMap(ScenarioEngine.java:1216)
- com.intuit.karate.core.ScenarioRuntime.evalConfigJs(ScenarioRuntime.java:291)
- com.intuit.karate.core.ScenarioRuntime.beforeRun(ScenarioRuntime.java:369)
- com.intuit.karate.core.ScenarioRuntime.run(ScenarioRuntime.java:395)

classpath:ConduitApp/feature/Articles.feature:5
classpath:ConduitApp/feature/Articles.feature:15
classpath:ConduitApp/feature/Articles.feature:16
classpath:ConduitApp/feature/Articles.feature:17
classpath:ConduitApp/feature/Articles.feature:18
classpath:ConduitApp/feature/Articles.feature:19
classpath:ConduitApp/feature/Articles.feature:21
classpath:ConduitApp/feature/Articles.feature:22
20:54:43.300 [main] ERROR com.intuit.karate - classpath:ConduitApp/feature/Articles.feature:23
When method Get
>> classpath:ConduitApp/feature/Articles.feature:14
>> karate-config.js failed
>> js failed:
>>>>
01: function fn() {
02:   var env = karate.env; // get system property 'karate.env'
03:   karate.log('karate.env system property was:', env);
04:   if (!env) {
05:     env = 'dev';
06:   }
07:   var config = {
08:     apiUrl: 'http://localhost:3000/api/'
09:   }
10:   if (env == 'dev') {
11:     config.userEmail = 'test@test.coma'
12:     config.userPassword = 'test' 
13:   }
14:   if (env == 'e2e') {
15:     // customize
16:   }
17: 
18:   var accessToken = karate.callSingle('classpath:helpers/CreateToken.feature', config).authToken
19:   karate.configure('headers', { Authorization: 'Token ' + accessToken })
20: 
21:   return config;
22: }
<<<<
org.graalvm.polyglot.PolyglotException: status code was: 422, expected: 200, response time in milliseconds: 34, url: http://localhost:3000/api/users/login, response: 
{"errors":{"email or password":"is invalid"}}
classpath:helpers/CreateToken.feature:8
- com.intuit.karate.core.ScenarioBridge.callSingle(ScenarioBridge.java:234)
- <js>.fn(Unnamed:18)

js failed:
>>>>
01: function fn() {
02:   var env = karate.env; // get system property 'karate.env'
03:   karate.log('karate.env system property was:', env);
04:   if (!env) {
05:     env = 'dev';
06:   }
07:   var config = {
08:     apiUrl: 'http://localhost:3000/api/'
09:   }
10:   if (env == 'dev') {
11:     config.userEmail = 'test@test.coma'
12:     config.userPassword = 'test' 
13:   }
14:   if (env == 'e2e') {
15:     // customize
16:   }
17: 
18:   var accessToken = karate.callSingle('classpath:helpers/CreateToken.feature', config).authToken
19:   karate.configure('headers', { Authorization: 'Token ' + accessToken })
20: 
21:   return config;
22: }
<<<<
com.intuit.karate.KarateException: js failed:
>>>>
01: function fn() {
02:   var env = karate.env; // get system property 'karate.env'
03:   karate.log('karate.env system property was:', env);
04:   if (!env) {
05:     env = 'dev';
06:   }
07:   var config = {
08:     apiUrl: 'http://localhost:3000/api/'
09:   }
10:   if (env == 'dev') {
11:     config.userEmail = 'test@test.coma'
12:     config.userPassword = 'test' 
13:   }
14:   if (env == 'e2e') {
15:     // customize
16:   }
17: 
18:   var accessToken = karate.callSingle('classpath:helpers/CreateToken.feature', config).authToken
19:   karate.configure('headers', { Authorization: 'Token ' + accessToken })
20: 
21:   return config;
22: }
<<<<
org.graalvm.polyglot.PolyglotException: status code was: 422, expected: 200, response time in milliseconds: 34, url: http://localhost:3000/api/users/login, response: 
{"errors":{"email or password":"is invalid"}}
classpath:helpers/CreateToken.feature:8
- com.intuit.karate.core.ScenarioBridge.callSingle(ScenarioBridge.java:234)
- <js>.fn(Unnamed:18)

- com.intuit.karate.graal.JsEngine.fromJsEvalException(JsEngine.java:230)
- com.intuit.karate.core.ScenarioEngine.executeJsValue(ScenarioEngine.java:1244)
- com.intuit.karate.core.ScenarioEngine.executeFunction(ScenarioEngine.java:1227)
- com.intuit.karate.core.ScenarioEngine.getOrEvalAsMap(ScenarioEngine.java:1216)
- com.intuit.karate.core.ScenarioRuntime.evalConfigJs(ScenarioRuntime.java:291)
- com.intuit.karate.core.ScenarioRuntime.beforeRun(ScenarioRuntime.java:369)
- com.intuit.karate.core.ScenarioRuntime.run(ScenarioRuntime.java:395)

classpath:ConduitApp/feature/Articles.feature:5
classpath:ConduitApp/feature/Articles.feature:15
classpath:ConduitApp/feature/Articles.feature:16
classpath:ConduitApp/feature/Articles.feature:17
classpath:ConduitApp/feature/Articles.feature:18
classpath:ConduitApp/feature/Articles.feature:19
classpath:ConduitApp/feature/Articles.feature:21
classpath:ConduitApp/feature/Articles.feature:22
classpath:ConduitApp/feature/Articles.feature:23
20:54:43.301 [main] ERROR com.intuit.karate - classpath:ConduitApp/feature/Articles.feature:24
Then status 200
>> classpath:ConduitApp/feature/Articles.feature:14
>> karate-config.js failed
>> js failed:
>>>>
01: function fn() {
02:   var env = karate.env; // get system property 'karate.env'
03:   karate.log('karate.env system property was:', env);
04:   if (!env) {
05:     env = 'dev';
06:   }
07:   var config = {
08:     apiUrl: 'http://localhost:3000/api/'
09:   }
10:   if (env == 'dev') {
11:     config.userEmail = 'test@test.coma'
12:     config.userPassword = 'test' 
13:   }
14:   if (env == 'e2e') {
15:     // customize
16:   }
17: 
18:   var accessToken = karate.callSingle('classpath:helpers/CreateToken.feature', config).authToken
19:   karate.configure('headers', { Authorization: 'Token ' + accessToken })
20: 
21:   return config;
22: }
<<<<
org.graalvm.polyglot.PolyglotException: status code was: 422, expected: 200, response time in milliseconds: 34, url: http://localhost:3000/api/users/login, response: 
{"errors":{"email or password":"is invalid"}}
classpath:helpers/CreateToken.feature:8
- com.intuit.karate.core.ScenarioBridge.callSingle(ScenarioBridge.java:234)
- <js>.fn(Unnamed:18)

js failed:
>>>>
01: function fn() {
02:   var env = karate.env; // get system property 'karate.env'
03:   karate.log('karate.env system property was:', env);
04:   if (!env) {
05:     env = 'dev';
06:   }
07:   var config = {
08:     apiUrl: 'http://localhost:3000/api/'
09:   }
10:   if (env == 'dev') {
11:     config.userEmail = 'test@test.coma'
12:     config.userPassword = 'test' 
13:   }
14:   if (env == 'e2e') {
15:     // customize
16:   }
17: 
18:   var accessToken = karate.callSingle('classpath:helpers/CreateToken.feature', config).authToken
19:   karate.configure('headers', { Authorization: 'Token ' + accessToken })
20: 
21:   return config;
22: }
<<<<
com.intuit.karate.KarateException: js failed:
>>>>
01: function fn() {
02:   var env = karate.env; // get system property 'karate.env'
03:   karate.log('karate.env system property was:', env);
04:   if (!env) {
05:     env = 'dev';
06:   }
07:   var config = {
08:     apiUrl: 'http://localhost:3000/api/'
09:   }
10:   if (env == 'dev') {
11:     config.userEmail = 'test@test.coma'
12:     config.userPassword = 'test' 
13:   }
14:   if (env == 'e2e') {
15:     // customize
16:   }
17: 
18:   var accessToken = karate.callSingle('classpath:helpers/CreateToken.feature', config).authToken
19:   karate.configure('headers', { Authorization: 'Token ' + accessToken })
20: 
21:   return config;
22: }
<<<<
org.graalvm.polyglot.PolyglotException: status code was: 422, expected: 200, response time in milliseconds: 34, url: http://localhost:3000/api/users/login, response: 
{"errors":{"email or password":"is invalid"}}
classpath:helpers/CreateToken.feature:8
- com.intuit.karate.core.ScenarioBridge.callSingle(ScenarioBridge.java:234)
- <js>.fn(Unnamed:18)

- com.intuit.karate.graal.JsEngine.fromJsEvalException(JsEngine.java:230)
- com.intuit.karate.core.ScenarioEngine.executeJsValue(ScenarioEngine.java:1244)
- com.intuit.karate.core.ScenarioEngine.executeFunction(ScenarioEngine.java:1227)
- com.intuit.karate.core.ScenarioEngine.getOrEvalAsMap(ScenarioEngine.java:1216)
- com.intuit.karate.core.ScenarioRuntime.evalConfigJs(ScenarioRuntime.java:291)
- com.intuit.karate.core.ScenarioRuntime.beforeRun(ScenarioRuntime.java:369)
- com.intuit.karate.core.ScenarioRuntime.run(ScenarioRuntime.java:395)

[...]
02:   var env = karate.env; // get system property 'karate.env'
03:   karate.log('karate.env system property was:', env);
04:   if (!env) {
05:     env = 'dev';
06:   }
07:   var config = {
08:     apiUrl: 'http://localhost:3000/api/'
09:   }
10:   if (env == 'dev') {
11:     config.userEmail = 'test@test.coma'
12:     config.userPassword = 'test' 
13:   }
14:   if (env == 'e2e') {
15:     // customize
16:   }
17: 
18:   var accessToken = karate.callSingle('classpath:helpers/CreateToken.feature', config).authToken
19:   karate.configure('headers', { Authorization: 'Token ' + accessToken })
20: 
21:   return config;
22: }
<<<<
org.graalvm.polyglot.PolyglotException: status code was: 422, expected: 200, response time in milliseconds: 34, url: http://localhost:3000/api/users/login, response: 
{"errors":{"email or password":"is invalid"}}
classpath:helpers/CreateToken.feature:8
- com.intuit.karate.core.ScenarioBridge.callSingle(ScenarioBridge.java:234)
- <js>.fn(Unnamed:18)

- com.intuit.karate.graal.JsEngine.fromJsEvalException(JsEngine.java:230)
- com.intuit.karate.core.ScenarioEngine.executeJsValue(ScenarioEngine.java:1244)
- com.intuit.karate.core.ScenarioEngine.executeFunction(ScenarioEngine.java:1227)
- com.intuit.karate.core.ScenarioEngine.getOrEvalAsMap(ScenarioEngine.java:1216)
- com.intuit.karate.core.ScenarioRuntime.evalConfigJs(ScenarioRuntime.java:291)
- com.intuit.karate.core.ScenarioRuntime.beforeRun(ScenarioRuntime.java:369)
- com.intuit.karate.core.ScenarioRuntime.run(ScenarioRuntime.java:395)

classpath:ConduitApp/feature/Articles.feature:5
classpath:ConduitApp/feature/Articles.feature:15
classpath:ConduitApp/feature/Articles.feature:16
classpath:ConduitApp/feature/Articles.feature:17
classpath:ConduitApp/feature/Articles.feature:18
classpath:ConduitApp/feature/Articles.feature:19
classpath:ConduitApp/feature/Articles.feature:21
classpath:ConduitApp/feature/Articles.feature:22
classpath:ConduitApp/feature/Articles.feature:23
classpath:ConduitApp/feature/Articles.feature:24
classpath:ConduitApp/feature/Articles.feature:25
classpath:ConduitApp/feature/Articles.feature:27
classpath:ConduitApp/feature/Articles.feature:28
classpath:ConduitApp/feature/Articles.feature:29
classpath:ConduitApp/feature/Articles.feature:31
20:54:43.305 [main] ERROR com.intuit.karate - classpath:ConduitApp/feature/Articles.feature:32
Given params { limit: 10, offset: 0 }
>> classpath:ConduitApp/feature/Articles.feature:14
>> karate-config.js failed
>> js failed:
>>>>
01: function fn() {
02:   var env = karate.env; // get system property 'karate.env'
03:   karate.log('karate.env system property was:', env);
04:   if (!env) {
05:     env = 'dev';
06:   }
07:   var config = {
08:     apiUrl: 'http://localhost:3000/api/'
09:   }
10:   if (env == 'dev') {
11:     config.userEmail = 'test@test.coma'
12:     config.userPassword = 'test' 
13:   }
14:   if (env == 'e2e') {
15:     // customize
16:   }
17: 
18:   var accessToken = karate.callSingle('classpath:helpers/CreateToken.feature', config).authToken
19:   karate.configure('headers', { Authorization: 'Token ' + accessToken })
20: 
21:   return config;
22: }
<<<<
org.graalvm.polyglot.PolyglotException: status code was: 422, expected: 200, response time in milliseconds: 34, url: http://localhost:3000/api/users/login, response: 
{"errors":{"email or password":"is invalid"}}
classpath:helpers/CreateToken.feature:8
- com.intuit.karate.core.ScenarioBridge.callSingle(ScenarioBridge.java:234)
- <js>.fn(Unnamed:18)

js failed:
>>>>
01: function fn() {
02:   var env = karate.env; // get system property 'karate.env'
03:   karate.log('karate.env system property was:', env);
04:   if (!env) {
05:     env = 'dev';
06:   }
07:   var config = {
08:     apiUrl: 'http://localhost:3000/api/'
09:   }
10:   if (env == 'dev') {
11:     config.userEmail = 'test@test.coma'
12:     config.userPassword = 'test' 
13:   }
14:   if (env == 'e2e') {
15:     // customize
16:   }
17: 
18:   var accessToken = karate.callSingle('classpath:helpers/CreateToken.feature', config).authToken
19:   karate.configure('headers', { Authorization: 'Token ' + accessToken })
20: 
21:   return config;
22: }
<<<<
com.intuit.karate.KarateException: js failed:
>>>>
01: function fn() {
02:   var env = karate.env; // get system property 'karate.env'
03:   karate.log('karate.env system property was:', env);
04:   if (!env) {
05:     env = 'dev';
06:   }
07:   var config = {
08:     apiUrl: 'http://localhost:3000/api/'
09:   }
10:   if (env == 'dev') {
11:     config.userEmail = 'test@test.coma'
12:     config.userPassword = 'test' 
13:   }
14:   if (env == 'e2e') {
15:     // customize
16:   }
17: 
18:   var accessToken = karate.callSingle('classpath:helpers/CreateToken.feature', config).authToken
19:   karate.configure('headers', { Authorization: 'Token ' + accessToken })
20: 
21:   return config;
22: }
<<<<
org.graalvm.polyglot.PolyglotException: status code was: 422, expected: 200, response time in milliseconds: 34, url: http://localhost:3000/api/users/login, response: 
{"errors":{"email or password":"is invalid"}}
classpath:helpers/CreateToken.feature:8
- com.intuit.karate.core.ScenarioBridge.callSingle(ScenarioBridge.java:234)
- <js>.fn(Unnamed:18)

- com.intuit.karate.graal.JsEngine.fromJsEvalException(JsEngine.java:230)
- com.intuit.karate.core.ScenarioEngine.executeJsValue(ScenarioEngine.java:1244)
- com.intuit.karate.core.ScenarioEngine.executeFunction(ScenarioEngine.java:1227)
- com.intuit.karate.core.ScenarioEngine.getOrEvalAsMap(ScenarioEngine.java:1216)
- com.intuit.karate.core.ScenarioRuntime.evalConfigJs(ScenarioRuntime.java:291)
- com.intuit.karate.core.ScenarioRuntime.beforeRun(ScenarioRuntime.java:369)
- com.intuit.karate.core.ScenarioRuntime.run(ScenarioRuntime.java:395)

classpath:ConduitApp/feature/Articles.feature:5
classpath:ConduitApp/feature/Articles.feature:15
classpath:ConduitApp/feature/Articles.feature:16
classpath:ConduitApp/feature/Articles.feature:17
classpath:ConduitApp/feature/Articles.feature:18
classpath:ConduitApp/feature/Articles.feature:19
classpath:ConduitApp/feature/Articles.feature:21
classpath:ConduitApp/feature/Articles.feature:22
classpath:ConduitApp/feature/Articles.feature:23
classpath:ConduitApp/feature/Articles.feature:24
classpath:ConduitApp/feature/Articles.feature:25
classpath:ConduitApp/feature/Articles.feature:27
classpath:ConduitApp/feature/Articles.feature:28
classpath:ConduitApp/feature/Articles.feature:29
classpath:ConduitApp/feature/Articles.feature:31
classpath:ConduitApp/feature/Articles.feature:32
20:54:43.305 [main] ERROR com.intuit.karate - classpath:ConduitApp/feature/Articles.feature:33
When method Get
>> classpath:ConduitApp/feature/Articles.feature:14
>> karate-config.js failed
>> js failed:
>>>>
01: function fn() {
02:   var env = karate.env; // get system property 'karate.env'
03:   karate.log('karate.env system property was:', env);
04:   if (!env) {
05:     env = 'dev';
06:   }
07:   var config = {
08:     apiUrl: 'http://localhost:3000/api/'
09:   }
10:   if (env == 'dev') {
11:     config.userEmail = 'test@test.coma'
12:     config.userPassword = 'test' 
13:   }
14:   if (env == 'e2e') {
15:     // customize
16:   }
17: 
18:   var accessToken = karate.callSingle('classpath:helpers/CreateToken.feature', config).authToken
19:   karate.configure('headers', { Authorization: 'Token ' + accessToken })
20: 
21:   return config;
22: }
<<<<
org.graalvm.polyglot.PolyglotException: status code was: 422, expected: 200, response time in milliseconds: 34, url: http://localhost:3000/api/users/login, response: 
{"errors":{"email or password":"is invalid"}}
classpath:helpers/CreateToken.feature:8
- com.intuit.karate.core.ScenarioBridge.callSingle(ScenarioBridge.java:234)
- <js>.fn(Unnamed:18)

js failed:
>>>>
01: function fn() {
02:   var env = karate.env; // get system property 'karate.env'
03:   karate.log('karate.env system property was:', env);
04:   if (!env) {
05:     env = 'dev';
06:   }
07:   var config = {
08:     apiUrl: 'http://localhost:3000/api/'
09:   }
10:   if (env == 'dev') {
11:     config.userEmail = 'test@test.coma'
12:     config.userPassword = 'test' 
13:   }
14:   if (env == 'e2e') {
15:     // customize
16:   }
17: 
18:   var accessToken = karate.callSingle('classpath:helpers/CreateToken.feature', config).authToken
19:   karate.configure('headers', { Authorization: 'Token ' + accessToken })
20: 
21:   return config;
22: }
<<<<
com.intuit.karate.KarateException: js failed:
>>>>
01: function fn() {
02:   var env = karate.env; // get system property 'karate.env'
03:   karate.log('karate.env system property was:', env);
04:   if (!env) {
05:     env = 'dev';
06:   }
07:   var config = {
08:     apiUrl: 'http://localhost:3000/api/'
09:   }
10:   if (env == 'dev') {
11:     config.userEmail = 'test@test.coma'
12:     config.userPassword = 'test' 
13:   }
14:   if (env == 'e2e') {
15:     // customize
16:   }
17: 
18:   var accessToken = karate.callSingle('classpath:helpers/CreateToken.feature', config).authToken
19:   karate.configure('headers', { Authorization: 'Token ' + accessToken })
20: 
21:   return config;
22: }
<<<<
org.graalvm.polyglot.PolyglotException: status code was: 422, expected: 200, response time in milliseconds: 34, url: http://localhost:3000/api/users/login, response: 
{"errors":{"email or password":"is invalid"}}
classpath:helpers/CreateToken.feature:8
- com.intuit.karate.core.ScenarioBridge.callSingle(ScenarioBridge.java:234)
- <js>.fn(Unnamed:18)

- com.intuit.karate.graal.JsEngine.fromJsEvalException(JsEngine.java:230)
- com.intuit.karate.core.ScenarioEngine.executeJsValue(ScenarioEngine.java:1244)
- com.intuit.karate.core.ScenarioEngine.executeFunction(ScenarioEngine.java:1227)
- com.intuit.karate.core.ScenarioEngine.getOrEvalAsMap(ScenarioEngine.java:1216)
- com.intuit.karate.core.ScenarioRuntime.evalConfigJs(ScenarioRuntime.java:291)
- com.intuit.karate.core.ScenarioRuntime.beforeRun(ScenarioRuntime.java:369)
- com.intuit.karate.core.ScenarioRuntime.run(ScenarioRuntime.java:395)

classpath:ConduitApp/feature/Articles.feature:5
classpath:ConduitApp/feature/Articles.feature:15
classpath:ConduitApp/feature/Articles.feature:16
classpath:ConduitApp/feature/Articles.feature:17
classpath:ConduitApp/feature/Articles.feature:18
classpath:ConduitApp/feature/Articles.feature:19
classpath:ConduitApp/feature/Articles.feature:21
classpath:ConduitApp/feature/Articles.feature:22
classpath:ConduitApp/feature/Articles.feature:23
classpath:ConduitApp/feature/Articles.feature:24
classpath:ConduitApp/feature/Articles.feature:25
classpath:ConduitApp/feature/Articles.feature:27
classpath:ConduitApp/feature/Articles.feature:28
classpath:ConduitApp/feature/Articles.feature:29
classpath:ConduitApp/feature/Articles.feature:31
classpath:ConduitApp/feature/Articles.feature:32
classpath:ConduitApp/feature/Articles.feature:33
20:54:43.306 [main] ERROR com.intuit.karate - classpath:ConduitApp/feature/Articles.feature:34
Then status 200
>> classpath:ConduitApp/feature/Articles.feature:14
>> karate-config.js failed
>> js failed:
>>>>
01: function fn() {
02:   var env = karate.env; // get system property 'karate.env'
03:   karate.log('karate.env system property was:', env);
04:   if (!env) {
05:     env = 'dev';
06:   }
07:   var config = {
08:     apiUrl: 'http://localhost:3000/api/'
09:   }
10:   if (env == 'dev') {
11:     config.userEmail = 'test@test.coma'
12:     config.userPassword = 'test' 
13:   }
14:   if (env == 'e2e') {
15:     // customize
16:   }
17: 
18:   var accessToken = karate.callSingle('classpath:helpers/CreateToken.feature', config).authToken
19:   karate.configure('headers', { Authorization: 'Token ' + accessToken })
20: 
21:   return config;
22: }
<<<<
org.graalvm.polyglot.PolyglotException: status code was: 422, expected: 200, response time in milliseconds: 34, url: http://localhost:3000/api/users/login, response: 
{"errors":{"email or password":"is invalid"}}
classpath:helpers/CreateToken.feature:8
- com.intuit.karate.core.ScenarioBridge.callSingle(ScenarioBridge.java:234)
- <js>.fn(Unnamed:18)

js failed:
>>>>
01: function fn() {
02:   var env = karate.env; // get system property 'karate.env'
03:   karate.log('karate.env system property was:', env);
04:   if (!env) {
05:     env = 'dev';
06:   }
07:   var config = {
08:     apiUrl: 'http://localhost:3000/api/'
09:   }
10:   if (env == 'dev') {
11:     config.userEmail = 'test@test.coma'
12:     config.userPassword = 'test' 
13:   }
14:   if (env == 'e2e') {
15:     // customize
16:   }
17: 
18:   var accessToken = karate.callSingle('classpath:helpers/CreateToken.feature', config).authToken
19:   karate.configure('headers', { Authorization: 'Token ' + accessToken })
20: 
21:   return config;
22: }
<<<<
com.intuit.karate.KarateException: js failed:
>>>>
01: function fn() {
02:   var env = karate.env; // get system property 'karate.env'
03:   karate.log('karate.env system property was:', env);
04:   if (!env) {
05:     env = 'dev';
06:   }
07:   var config = {
08:     apiUrl: 'http://localhost:3000/api/'
09:   }
10:   if (env == 'dev') {
11:     config.userEmail = 'test@test.coma'
12:     config.userPassword = 'test' 
13:   }
14:   if (env == 'e2e') {
15:     // customize
16:   }
17: 
18:   var accessToken = karate.callSingle('classpath:helpers/CreateToken.feature', config).authToken
19:   karate.configure('headers', { Authorization: 'Token ' + accessToken })
20: 
21:   return config;
22: }
<<<<
org.graalvm.polyglot.PolyglotException: status code was: 422, expected: 200, response time in milliseconds: 34, url: http://localhost:3000/api/users/login, response: 
{"errors":{"email or password":"is invalid"}}
classpath:helpers/CreateToken.feature:8
- com.intuit.karate.core.ScenarioBridge.callSingle(ScenarioBridge.java:234)
- <js>.fn(Unnamed:18)

- com.intuit.karate.graal.JsEngine.fromJsEvalException(JsEngine.java:230)
- com.intuit.karate.core.ScenarioEngine.executeJsValue(ScenarioEngine.java:1244)
- com.intuit.karate.core.ScenarioEngine.executeFunction(ScenarioEngine.java:1227)
- com.intuit.karate.core.ScenarioEngine.getOrEvalAsMap(ScenarioEngine.java:1216)
- com.intuit.karate.core.ScenarioRuntime.evalConfigJs(ScenarioRuntime.java:291)
- com.intuit.karate.core.ScenarioRuntime.beforeRun(ScenarioRuntime.java:369)
- com.intuit.karate.core.ScenarioRuntime.run(ScenarioRuntime.java:395)

classpath:ConduitApp/feature/Articles.feature:5
classpath:ConduitApp/feature/Articles.feature:15
classpath:ConduitApp/feature/Articles.feature:16
classpath:ConduitApp/feature/Articles.feature:17
classpath:ConduitApp/feature/Articles.feature:18
classpath:ConduitApp/feature/Articles.feature:19
classpath:ConduitApp/feature/Articles.feature:21
classpath:ConduitApp/feature/Articles.feature:22
classpath:ConduitApp/feature/Articles.feature:23
classpath:ConduitApp/feature/Articles.feature:24
classpath:ConduitApp/feature/Articles.feature:25
classpath:ConduitApp/feature/Articles.feature:27
classpath:ConduitApp/feature/Articles.feature:28
classpath:ConduitApp/feature/Articles.feature:29
classpath:ConduitApp/feature/Articles.feature:31
classpath:ConduitApp/feature/Articles.feature:32
classpath:ConduitApp/feature/Articles.feature:33
classpath:ConduitApp/feature/Articles.feature:34
20:54:43.307 [main] ERROR com.intuit.karate - classpath:ConduitApp/feature/Articles.feature:35
And match response.articles[0].title != "ArticleToDelete"
>> classpath:ConduitApp/feature/Articles.feature:14
>> karate-config.js failed
>> js failed:
>>>>
01: function fn() {
02:   var env = karate.env; // get system property 'karate.env'
03:   karate.log('karate.env system property was:', env);
04:   if (!env) {
05:     env = 'dev';
06:   }
07:   var config = {
08:     apiUrl: 'http://localhost:3000/api/'
09:   }
10:   if (env == 'dev') {
11:     config.userEmail = 'test@test.coma'
12:     config.userPassword = 'test' 
13:   }
14:   if (env == 'e2e') {
15:     // customize
16:   }
17: 
18:   var accessToken = karate.callSingle('classpath:helpers/CreateToken.feature', config).authToken
19:   karate.configure('headers', { Authorization: 'Token ' + accessToken })
20: 
21:   return config;
22: }
<<<<
org.graalvm.polyglot.PolyglotException: status code was: 422, expected: 200, response time in milliseconds: 34, url: http://localhost:3000/api/users/login, response: 
{"errors":{"email or password":"is invalid"}}
classpath:helpers/CreateToken.feature:8
- com.intuit.karate.core.ScenarioBridge.callSingle(ScenarioBridge.java:234)
- <js>.fn(Unnamed:18)

js failed:
>>>>
01: function fn() {
02:   var env = karate.env; // get system property 'karate.env'
03:   karate.log('karate.env system property was:', env);
04:   if (!env) {
05:     env = 'dev';
06:   }
07:   var config = {
08:     apiUrl: 'http://localhost:3000/api/'
09:   }
10:   if (env == 'dev') {
11:     config.userEmail = 'test@test.coma'
12:     config.userPassword = 'test' 
13:   }
14:   if (env == 'e2e') {
15:     // customize
16:   }
17: 
18:   var accessToken = karate.callSingle('classpath:helpers/CreateToken.feature', config).authToken
19:   karate.configure('headers', { Authorization: 'Token ' + accessToken })
20: 
21:   return config;
22: }
<<<<
com.intuit.karate.KarateException: js failed:
>>>>
01: function fn() {
02:   var env = karate.env; // get system property 'karate.env'
03:   karate.log('karate.env system property was:', env);
04:   if (!env) {
05:     env = 'dev';
06:   }
07:   var config = {
08:     apiUrl: 'http://localhost:3000/api/'
09:   }
10:   if (env == 'dev') {
11:     config.userEmail = 'test@test.coma'
12:     config.userPassword = 'test' 
13:   }
14:   if (env == 'e2e') {
15:     // customize
16:   }
17: 
18:   var accessToken = karate.callSingle('classpath:helpers/CreateToken.feature', config).authToken
19:   karate.configure('headers', { Authorization: 'Token ' + accessToken })
20: 
21:   return config;
22: }
<<<<
org.graalvm.polyglot.PolyglotException: status code was: 422, expected: 200, response time in milliseconds: 34, url: http://localhost:3000/api/users/login, response: 
{"errors":{"email or password":"is invalid"}}
classpath:helpers/CreateToken.feature:8
- com.intuit.karate.core.ScenarioBridge.callSingle(ScenarioBridge.java:234)
- <js>.fn(Unnamed:18)

- com.intuit.karate.graal.JsEngine.fromJsEvalException(JsEngine.java:230)
- com.intuit.karate.core.ScenarioEngine.executeJsValue(ScenarioEngine.java:1244)
- com.intuit.karate.core.ScenarioEngine.executeFunction(ScenarioEngine.java:1227)
- com.intuit.karate.core.ScenarioEngine.getOrEvalAsMap(ScenarioEngine.java:1216)
- com.intuit.karate.core.ScenarioRuntime.evalConfigJs(ScenarioRuntime.java:291)
- com.intuit.karate.core.ScenarioRuntime.beforeRun(ScenarioRuntime.java:369)
- com.intuit.karate.core.ScenarioRuntime.run(ScenarioRuntime.java:395)

classpath:ConduitApp/feature/Articles.feature:5
classpath:ConduitApp/feature/Articles.feature:15
classpath:ConduitApp/feature/Articles.feature:16
classpath:ConduitApp/feature/Articles.feature:17
classpath:ConduitApp/feature/Articles.feature:18
classpath:ConduitApp/feature/Articles.feature:19
classpath:ConduitApp/feature/Articles.feature:21
classpath:ConduitApp/feature/Articles.feature:22
classpath:ConduitApp/feature/Articles.feature:23
classpath:ConduitApp/feature/Articles.feature:24
classpath:ConduitApp/feature/Articles.feature:25
classpath:ConduitApp/feature/Articles.feature:27
classpath:ConduitApp/feature/Articles.feature:28
classpath:ConduitApp/feature/Articles.feature:29
classpath:ConduitApp/feature/Articles.feature:31
classpath:ConduitApp/feature/Articles.feature:32
classpath:ConduitApp/feature/Articles.feature:33
classpath:ConduitApp/feature/Articles.feature:34
classpath:ConduitApp/feature/Articles.feature:35
---------------------------------------------------------
feature: classpath:ConduitApp/feature/Articles.feature
scenarios:  2 | passed:  0 | failed:  2 | time: 0,0000
---------------------------------------------------------

]]></system-out>
  </testcase>
</testsuite>